#
# An unexpected error has been detected by Java Runtime Environment:
#
#  EXCEPTION_ACCESS_VIOLATION (0xc0000005) at pc=0x7a770a34, pid=4820, tid=600
#
# Java VM: Java HotSpot(TM) Client VM (11.2-b01 mixed mode windows-x86)
# Problematic frame:
# C  [m_interpreter.dll+0xb0a34]
#
# If you would like to submit a bug report, please visit:
#   http://java.sun.com/webapps/bugreport/crash.jsp
# The crash happened outside the Java Virtual Machine in native code.
# See problematic frame for where to report the bug.
#

---------------  T H R E A D  ---------------

Current thread (0x00ffd400):  JavaThread "main" [_thread_in_native, id=600, stack(0x00430000,0x00c30000)]

siginfo: ExceptionCode=0xc0000005, reading address 0x00000e84

Registers:
EAX=0x226e7e70, EBX=0x00000e6c, ECX=0x00000e6c, EDX=0x00000000
ESP=0x00c12a28, EBP=0x00c12a2c, ESI=0x226e8458, EDI=0x226e7e70
EIP=0x7a770a34, EFLAGS=0x00010206

Top of Stack: (sp=0x00c12a28)
0x00c12a28:   226e8458 00c12a84 7a774189 00000001
0x00c12a38:   00000000 010b03a0 00000000 7a78ab7b
0x00c12a48:   010b03a0 00000000 7bae9f50 00000000
0x00c12a58:   00c12a7c 7ba5210e 010b03a0 00000000
0x00c12a68:   0526e8f4 7a6fcc2a 00c12fdc 00c12fdc
0x00c12a78:   7a7bd9ae ffffffff 7a7902d7 00c12fe8
0x00c12a88:   7a117f26 7ba2f349 00000000 00000000
0x00c12a98:   00000000 00000000 00d90000 00e3d248 

Instructions: (pc=0x7a770a34)
0x7a770a24:   cc cc cc cc cc cc cc cc cc cc cc cc 55 8b ec 56
0x7a770a34:   8b 71 18 ff 15 04 2c 9f 7a 85 c0 74 05 32 c0 5e 


Stack: [0x00430000,0x00c30000],  sp=0x00c12a28,  free space=8074k
Native frames: (J=compiled Java code, j=interpreted, Vv=VM code, C=native code)
C  [m_interpreter.dll+0xb0a34]
C  [m_interpreter.dll+0xb4189]
C  [mcr.dll+0x37f26]
C  [mcr.dll+0x381be]
C  [m_dispatcher.dll+0x8e2c]
C  [m_dispatcher.dll+0x9167]
C  [m_dispatcher.dll+0x617e]
C  [m_dispatcher.dll+0x8e2c]
C  [m_dispatcher.dll+0x9167]
C  [m_interpreter.dll+0x230a4]
C  [m_interpreter.dll+0x296d8]
C  [m_interpreter.dll+0xc7af4]
C  [nativejmi.dll+0x6d7a]
C  [nativejmi.dll+0x7d78]
C  [nativejmi.dll+0x7b4a]
C  [nativejmi.dll+0xc8ed]
C  [nativejmi.dll+0xc9b3]
j  com.mathworks.jmi.NativeMatlab.SendMatlabMessage(Ljava/lang/Object;)Ljava/lang/Object;+0
j  com.mathworks.jmi.NativeMatlab.sendMatlabMessage(Ljava/lang/Object;)Ljava/lang/Object;+22
j  com.mathworks.jmi.MatlabLooper.sendMatlabMessage(Lcom/mathworks/services/message/MWMessage;)Ljava/lang/Object;+20
j  com.mathworks.jmi.Matlab.mtFevalConsoleOutput(Ljava/lang/String;[Ljava/lang/Object;I)Ljava/lang/Object;+58
j  com.mathworks.mde.desk.MLDesktop$9.run()V+14
j  com.mathworks.jmi.NativeMatlab.dispatchMTRequests(Z)V+50
v  ~StubRoutines::call_stub

Java frames: (J=compiled Java code, j=interpreted, Vv=VM code)
j  com.mathworks.jmi.NativeMatlab.SendMatlabMessage(Ljava/lang/Object;)Ljava/lang/Object;+0
j  com.mathworks.jmi.NativeMatlab.sendMatlabMessage(Ljava/lang/Object;)Ljava/lang/Object;+22
j  com.mathworks.jmi.MatlabLooper.sendMatlabMessage(Lcom/mathworks/services/message/MWMessage;)Ljava/lang/Object;+20
j  com.mathworks.jmi.Matlab.mtFevalConsoleOutput(Ljava/lang/String;[Ljava/lang/Object;I)Ljava/lang/Object;+58
j  com.mathworks.mde.desk.MLDesktop$9.run()V+14
j  com.mathworks.jmi.NativeMatlab.dispatchMTRequests(Z)V+50
v  ~StubRoutines::call_stub

---------------  P R O C E S S  ---------------

Java Threads: ( => current thread )
  0x07d2e400 JavaThread "Active Reference Queue Daemon" daemon [_thread_blocked, id=4708, stack(0x16a80000,0x16b00000)]
  0x07d2c400 JavaThread "Timer-10" daemon [_thread_blocked, id=4512, stack(0x16780000,0x16800000)]
  0x07d2d000 JavaThread "Timer-9" daemon [_thread_blocked, id=4204, stack(0x166b0000,0x16730000)]
  0x19a3d400 JavaThread "Prefs Updater" daemon [_thread_blocked, id=5060, stack(0x1b630000,0x1b6b0000)]
  0x19a1a800 JavaThread "Timer-1" [_thread_blocked, id=3168, stack(0x1a7e0000,0x1a860000)]
  0x1940a400 JavaThread "TimerQueue" daemon [_thread_blocked, id=2576, stack(0x1a760000,0x1a7e0000)]
  0x197a1800 JavaThread "AWT-EventQueue-0" [_thread_blocked, id=5032, stack(0x1a5f0000,0x1a670000)]
  0x19422800 JavaThread "AWT-Shutdown" [_thread_blocked, id=3568, stack(0x19e60000,0x19ee0000)]
  0x195ab000 JavaThread "AWT-Windows" daemon [_thread_in_native, id=4472, stack(0x19f20000,0x19fa0000)]
  0x19422400 JavaThread "Java2D Disposer" daemon [_thread_blocked, id=5028, stack(0x19da0000,0x19e20000)]
  0x18e80400 JavaThread "Timer-0" [_thread_blocked, id=4620, stack(0x19000000,0x19080000)]
  0x18e0b400 JavaThread "JMI Unnamed Thread" [_thread_in_native, id=4588, stack(0x04860000,0x05060000)]
  0x07d2a800 JavaThread "Low Memory Detector" daemon [_thread_blocked, id=1560, stack(0x18500000,0x18580000)]
  0x07d25400 JavaThread "CompilerThread0" daemon [_thread_blocked, id=4404, stack(0x17d00000,0x18500000)]
  0x07d1ac00 JavaThread "Attach Listener" daemon [_thread_blocked, id=988, stack(0x164f0000,0x16570000)]
  0x07d04800 JavaThread "Finalizer" daemon [_thread_blocked, id=924, stack(0x16430000,0x164b0000)]
  0x07d03400 JavaThread "Reference Handler" daemon [_thread_blocked, id=4224, stack(0x16370000,0x163f0000)]
=>0x00ffd400 JavaThread "main" [_thread_in_native, id=600, stack(0x00430000,0x00c30000)]

Other Threads:
  0x07cfe000 VMThread [stack: 0x17500000,0x17d00000] [id=604]
  0x07d34400 WatcherThread [stack: 0x185c0000,0x18dc0000] [id=2772]

VM state:not at safepoint (normal execution)

VM Mutex/Monitor currently owned by a thread: None

Heap
 def new generation   total 22592K, used 9258K [0x09e20000, 0x0b6a0000, 0x0be20000)
  eden space 20096K,  43% used [0x09e20000, 0x0a694138, 0x0b1c0000)
  from space 2496K,  24% used [0x0b430000, 0x0b4c6a20, 0x0b6a0000)
  to   space 2496K,   0% used [0x0b1c0000, 0x0b1c0000, 0x0b430000)
 tenured generation   total 75044K, used 72749K [0x0be20000, 0x10769000, 0x11e20000)
   the space 75044K,  96% used [0x0be20000, 0x1052b560, 0x1052b600, 0x10769000)
 compacting perm gen  total 35584K, used 35415K [0x11e20000, 0x140e0000, 0x15e20000)
   the space 35584K,  99% used [0x11e20000, 0x140b5f60, 0x140b6000, 0x140e0000)
No shared spaces configured.

Dynamic libraries:
0x00400000 - 0x00425000 	D:\Program Files (x86)\MATLAB\R2010a\bin\win32\matlab.exe
0x776f0000 - 0x77870000 	C:\Windows\SysWOW64\ntdll.dll
0x76820000 - 0x76930000 	C:\Windows\syswow64\kernel32.dll
0x75e40000 - 0x75e87000 	C:\Windows\syswow64\KERNELBASE.dll
0x7b940000 - 0x7b9ec000 	D:\Program Files (x86)\MATLAB\R2010a\bin\win32\libut.dll
0x74fe0000 - 0x7500a000 	C:\Windows\syswow64\imagehlp.dll
0x76d80000 - 0x76e2c000 	C:\Windows\syswow64\msvcrt.dll
0x74e50000 - 0x74ef0000 	C:\Windows\syswow64\ADVAPI32.dll
0x74e30000 - 0x74e49000 	C:\Windows\SysWOW64\sechost.dll
0x74ef0000 - 0x74fe0000 	C:\Windows\syswow64\RPCRT4.dll
0x74dd0000 - 0x74e30000 	C:\Windows\syswow64\SspiCli.dll
0x74dc0000 - 0x74dcc000 	C:\Windows\syswow64\CRYPTBASE.dll
0x75d10000 - 0x75d15000 	C:\Windows\syswow64\PSAPI.DLL
0x7bfa0000 - 0x7bfbf000 	D:\Program Files (x86)\MATLAB\R2010a\bin\win32\LIBEXPAT.dll
0x70ec0000 - 0x70f5b000 	C:\Windows\WinSxS\x86_microsoft.vc80.crt_1fc8b3b9a1e18e3b_8.0.50727.4927_none_d08a205e442db5b5\MSVCR80.dll
0x7bd50000 - 0x7be38000 	D:\Program Files (x86)\MATLAB\R2010a\bin\win32\icuuc40.dll
0x7b4b0000 - 0x7b4b4000 	D:\Program Files (x86)\MATLAB\R2010a\bin\win32\icudt40.dll
0x7b4c0000 - 0x7b4cc000 	D:\Program Files (x86)\MATLAB\R2010a\bin\win32\icuio40.dll
0x7b670000 - 0x7b768000 	D:\Program Files (x86)\MATLAB\R2010a\bin\win32\icuin40.dll
0x6cfb0000 - 0x6d037000 	C:\Windows\WinSxS\x86_microsoft.vc80.crt_1fc8b3b9a1e18e3b_8.0.50727.4927_none_d08a205e442db5b5\MSVCP80.dll
0x76560000 - 0x76660000 	C:\Windows\syswow64\USER32.dll
0x76930000 - 0x769c0000 	C:\Windows\syswow64\GDI32.dll
0x76780000 - 0x7678a000 	C:\Windows\syswow64\LPK.dll
0x75e90000 - 0x75f2d000 	C:\Windows\syswow64\USP10.dll
0x78770000 - 0x787ee000 	D:\Program Files (x86)\MATLAB\R2010a\bin\win32\libmwfl.dll
0x7d160000 - 0x7d16e000 	D:\Program Files (x86)\MATLAB\R2010a\bin\win32\boost_date_time-vc80-mt-1_36.dll
0x7d330000 - 0x7d346000 	D:\Program Files (x86)\MATLAB\R2010a\bin\win32\boost_filesystem-vc80-mt-1_36.dll
0x7c500000 - 0x7c507000 	D:\Program Files (x86)\MATLAB\R2010a\bin\win32\boost_system-vc80-mt-1_36.dll
0x7d050000 - 0x7d060000 	D:\Program Files (x86)\MATLAB\R2010a\bin\win32\boost_signals-vc80-mt-1_36.dll
0x7b4a0000 - 0x7b4ac000 	D:\Program Files (x86)\MATLAB\R2010a\bin\win32\boost_thread-vc80-mt-1_36.dll
0x7ba50000 - 0x7bc63000 	D:\Program Files (x86)\MATLAB\R2010a\bin\win32\libmwservices.dll
0x7b9f0000 - 0x7ba4d000 	D:\Program Files (x86)\MATLAB\R2010a\bin\win32\libmx.dll
0x78c90000 - 0x78ca3000 	D:\Program Files (x86)\MATLAB\R2010a\bin\win32\zlib1.dll
0x7bc70000 - 0x7bd47000 	D:\Program Files (x86)\MATLAB\R2010a\bin\win32\libmwmathutil.dll
0x79e30000 - 0x79e6a000 	D:\Program Files (x86)\MATLAB\R2010a\bin\win32\mpath.dll
0x7c0a0000 - 0x7c166000 	D:\Program Files (x86)\MATLAB\R2010a\bin\win32\mlutil.dll
0x7cfb0000 - 0x7d00e000 	D:\Program Files (x86)\MATLAB\R2010a\bin\win32\xmlcore.dll
0x79720000 - 0x798e2000 	D:\Program Files (x86)\MATLAB\R2010a\bin\win32\xerces-c_2_7.dll
0x76050000 - 0x76085000 	C:\Windows\syswow64\WS2_32.dll
0x776c0000 - 0x776c6000 	C:\Windows\syswow64\NSI.dll
0x750c0000 - 0x75d09000 	C:\Windows\syswow64\SHELL32.dll
0x76d20000 - 0x76d77000 	C:\Windows\syswow64\SHLWAPI.dll
0x78720000 - 0x7874e000 	D:\Program Files (x86)\MATLAB\R2010a\bin\win32\tbb.dll
0x72520000 - 0x725a4000 	C:\Windows\WinSxS\x86_microsoft.windows.common-controls_6595b64144ccf1df_5.82.7600.16661_none_ebfb56996c72aefc\COMCTL32.dll
0x76340000 - 0x763bb000 	C:\Windows\syswow64\comdlg32.dll
0x73c20000 - 0x73c31000 	C:\Windows\system32\NETAPI32.dll
0x73c10000 - 0x73c19000 	C:\Windows\system32\netutils.dll
0x73bf0000 - 0x73c09000 	C:\Windows\system32\srvcli.dll
0x74200000 - 0x7420f000 	C:\Windows\system32\wkscli.dll
0x7a0e0000 - 0x7a144000 	D:\Program Files (x86)\MATLAB\R2010a\bin\win32\mcr.dll
0x7e890000 - 0x7e8a9000 	D:\Program Files (x86)\MATLAB\R2010a\bin\win32\libmwi18n.dll
0x7b4d0000 - 0x7b539000 	D:\Program Files (x86)\MATLAB\R2010a\bin\win32\iqm.dll
0x7a6c0000 - 0x7ab7b000 	D:\Program Files (x86)\MATLAB\R2010a\bin\win32\m_interpreter.dll
0x7b550000 - 0x7b561000 	D:\Program Files (x86)\MATLAB\R2010a\bin\win32\libmex.dll
0x79fb0000 - 0x7a017000 	D:\Program Files (x86)\MATLAB\R2010a\bin\win32\m_dispatcher.dll
0x7d280000 - 0x7d31d000 	D:\Program Files (x86)\MATLAB\R2010a\bin\win32\boost_regex-vc80-mt-1_36.dll
0x79ec0000 - 0x79f1b000 	D:\Program Files (x86)\MATLAB\R2010a\bin\win32\profiler.dll
0x7b5d0000 - 0x7b5f2000 	D:\Program Files (x86)\MATLAB\R2010a\bin\win32\libmwmathrng.dll
0x78c00000 - 0x78c12000 	D:\Program Files (x86)\MATLAB\R2010a\bin\win32\m_pcodeio.dll
0x79df0000 - 0x79e27000 	D:\Program Files (x86)\MATLAB\R2010a\bin\win32\m_ir.dll
0x7a1d0000 - 0x7a6bd000 	D:\Program Files (x86)\MATLAB\R2010a\bin\win32\m_parser.dll
0x7b540000 - 0x7b54e000 	D:\Program Files (x86)\MATLAB\R2010a\bin\win32\ir_xfmr.dll
0x787f0000 - 0x7894e000 	D:\Program Files (x86)\MATLAB\R2010a\bin\win32\mcos.dll
0x7b610000 - 0x7b61a000 	D:\Program Files (x86)\MATLAB\R2010a\bin\win32\mtok.dll
0x78be0000 - 0x78bfa000 	D:\Program Files (x86)\MATLAB\R2010a\bin\win32\m_pcodegen.dll
0x7e810000 - 0x7e844000 	D:\Program Files (x86)\MATLAB\R2010a\bin\win32\libmwspmatrix.dll
0x7e850000 - 0x7e871000 	D:\Program Files (x86)\MATLAB\R2010a\bin\win32\libmwbridge.dll
0x7b180000 - 0x7b209000 	D:\Program Files (x86)\MATLAB\R2010a\bin\win32\udd.dll
0x7be40000 - 0x7bf3f000 	D:\Program Files (x86)\MATLAB\R2010a\bin\win32\libmwgui.dll
0x78cf0000 - 0x7914f000 	D:\Program Files (x86)\MATLAB\R2010a\bin\win32\hg.dll
0x78b60000 - 0x78b92000 	D:\Program Files (x86)\MATLAB\R2010a\bin\win32\libmat.dll
0x7b770000 - 0x7b939000 	D:\Program Files (x86)\MATLAB\R2010a\bin\win32\libhdf5.dll
0x79d40000 - 0x79d96000 	D:\Program Files (x86)\MATLAB\R2010a\bin\win32\jmi.dll
0x79a40000 - 0x79a70000 	D:\Program Files (x86)\MATLAB\R2010a\bin\win32\libmwhardcopy.dll
0x79da0000 - 0x79de3000 	D:\Program Files (x86)\MATLAB\R2010a\bin\win32\libuij.dll
0x78630000 - 0x7871f000 	D:\Program Files (x86)\MATLAB\R2010a\bin\win32\hgdatatypes.dll
0x785c0000 - 0x78628000 	D:\Program Files (x86)\MATLAB\R2010a\bin\win32\hgutils.dll
0x78ba0000 - 0x78bd4000 	D:\Program Files (x86)\MATLAB\R2010a\bin\win32\libmwlapack.dll
0x7b580000 - 0x7b58e000 	D:\Program Files (x86)\MATLAB\R2010a\bin\win32\libmwbinder.dll
0x7b210000 - 0x7b492000 	D:\Program Files (x86)\MATLAB\R2010a\bin\win32\uiw.dll
0x7b660000 - 0x7b669000 	D:\Program Files (x86)\MATLAB\R2010a\bin\win32\uinone.dll
0x6cc20000 - 0x6cd30000 	C:\Windows\WinSxS\x86_microsoft.vc80.mfc_1fc8b3b9a1e18e3b_8.0.50727.4053_none_cbf21254470d8752\MFC80.DLL
0x72450000 - 0x724a1000 	C:\Windows\system32\WINSPOOL.DRV
0x761b0000 - 0x7630c000 	C:\Windows\syswow64\ole32.dll
0x75f30000 - 0x75fbf000 	C:\Windows\syswow64\OLEAUT32.dll
0x7a150000 - 0x7a1cc000 	D:\Program Files (x86)\MATLAB\R2010a\bin\win32\udd_mi.dll
0x78c20000 - 0x78c37000 	D:\Program Files (x86)\MATLAB\R2010a\bin\win32\mwoles05.DLL
0x79e70000 - 0x79eb9000 	D:\Program Files (x86)\MATLAB\R2010a\bin\win32\comcli.dll
0x73040000 - 0x7305b000 	C:\Windows\WinSxS\x86_microsoft.vc80.atl_1fc8b3b9a1e18e3b_8.0.50727.4053_none_d1c738ec43578ea1\ATL80.DLL
0x7b600000 - 0x7b60b000 	D:\Program Files (x86)\MATLAB\R2010a\bin\win32\mlautoregister.dll
0x769f0000 - 0x76a50000 	C:\Windows\system32\IMM32.DLL
0x76a50000 - 0x76b1c000 	C:\Windows\syswow64\MSCTF.dll
0x720a0000 - 0x72120000 	C:\Windows\system32\uxtheme.dll
0x72020000 - 0x7202b000 	C:\Windows\system32\profapi.dll
0x73bb0000 - 0x73bcc000 	C:\Windows\system32\iphlpapi.dll
0x73ba0000 - 0x73ba7000 	C:\Windows\system32\WINNSI.DLL
0x73b00000 - 0x73b44000 	C:\Windows\system32\DNSAPI.dll
0x71400000 - 0x71412000 	C:\Windows\system32\dhcpcsvc.DLL
0x73270000 - 0x7327d000 	C:\Windows\system32\dhcpcsvc6.DLL
0x73350000 - 0x73353000 	C:\Windows\system32\icmp.Dll
0x76cf0000 - 0x76d17000 	C:\Windows\syswow64\CFGMGR32.dll
0x79ae0000 - 0x79d36000 	D:\Program Files (x86)\MATLAB\R2010a\sys\java\jre\win32\jre\bin\client\jvm.dll
0x723f0000 - 0x72422000 	C:\Windows\system32\WINMM.dll
0x7bfc0000 - 0x7c016000 	D:\Program Files (x86)\MATLAB\R2010a\bin\win32\MSVCR71.dll
0x725b0000 - 0x725fb000 	C:\Windows\system32\apphelp.dll
0x72000000 - 0x72013000 	C:\Windows\system32\dwmapi.dll
0x74260000 - 0x7434b000 	C:\Windows\syswow64\dbghelp.dll
0x79f70000 - 0x79f78000 	D:\Program Files (x86)\MATLAB\R2010a\sys\java\jre\win32\jre\bin\hpi.dll
0x79f90000 - 0x79f9c000 	D:\Program Files (x86)\MATLAB\R2010a\sys\java\jre\win32\jre\bin\verify.dll
0x78cb0000 - 0x78ccf000 	D:\Program Files (x86)\MATLAB\R2010a\sys\java\jre\win32\jre\bin\java.dll
0x79fa0000 - 0x79faf000 	D:\Program Files (x86)\MATLAB\R2010a\sys\java\jre\win32\jre\bin\zip.dll
0x78c40000 - 0x78c5e000 	D:\Program Files (x86)\MATLAB\R2010a\bin\win32\nativejava.dll
0x71fe0000 - 0x71ff2000 	C:\Windows\system32\MPR.dll
0x78c60000 - 0x78c85000 	D:\Program Files (x86)\MATLAB\R2010a\bin\win32\nativejmi.dll
0x7b650000 - 0x7b65a000 	D:\Program Files (x86)\MATLAB\R2010a\bin\win32\nativeservices.dll
0x798f0000 - 0x79a3a000 	D:\Program Files (x86)\MATLAB\R2010a\sys\java\jre\win32\jre\bin\awt.dll
0x7a020000 - 0x7a074000 	D:\Program Files (x86)\MATLAB\R2010a\sys\java\jre\win32\jre\bin\fontmanager.dll
0x78cd0000 - 0x78ce3000 	D:\Program Files (x86)\MATLAB\R2010a\sys\java\jre\win32\jre\bin\net.dll
0x73b50000 - 0x73b8c000 	C:\Windows\system32\mswsock.dll
0x72250000 - 0x72256000 	C:\Windows\System32\wship6.dll
0x79f80000 - 0x79f89000 	D:\Program Files (x86)\MATLAB\R2010a\sys\java\jre\win32\jre\bin\nio.dll
0x78300000 - 0x7830c000 	D:\Program Files (x86)\MATLAB\R2010a\bin\win32\nativelmgr.dll
0x7c420000 - 0x7c444000 	D:\Program Files (x86)\MATLAB\R2010a\sys\java\jre\win32\jre\bin\jpeg.dll
0x78310000 - 0x784a4000 	D:\Program Files (x86)\MATLAB\R2010a\bin\win32\instutil.dll
0x73b90000 - 0x73ba0000 	C:\Windows\system32\NLAapi.dll
0x73ac0000 - 0x73ac8000 	C:\Windows\System32\winrnr.dll
0x73ab0000 - 0x73ac0000 	C:\Windows\system32\napinsp.dll
0x73a90000 - 0x73aa2000 	C:\Windows\system32\pnrpnsp.dll

VM Arguments:
jvm_args: -Xss512k -XX:PermSize=32m -Xms64m -XX:NewRatio=3 -XX:MaxPermSize=64m -Xmx128m -XX:MaxDirectMemorySize=1200000000 -Dsun.java2d.noddraw=true -Dsun.awt.nopixfmt=true -Xshare:off -Xrs -Djava.library.path=D:\Program Files (x86)\MATLAB\R2010a\bin\win32 vfprintf abort 
java_command: <unknown>
Launcher Type: generic

Environment Variables:
PATH=D:\Program Files (x86)\MATLAB\R2010a\bin\win32;C:\WinAVR-20100110\bin;C:\WinAVR-20100110\utils\bin;D:\Programas\watcom-1.3\binnt;D:\Programas\watcom-1.3\binw;C:\Windows\system32;C:\Windows;C:\Windows\System32\Wbem;C:\Windows\System32\WindowsPowerShell\v1.0\;C:\Program Files\Dell\Dell Wireless WLAN Card;C:\PROGRA~2\PICC;D:\Program Files (x86)\MiKTeX 2.9\miktex\bin\;D:\Program Files (x86)\MATLAB\R2010a\runtime\win32;D:\Program Files (x86)\MATLAB\R2010a\bin
USERNAME=andres
OS=Windows_NT
PROCESSOR_IDENTIFIER=Intel64 Family 6 Model 37 Stepping 2, GenuineIntel



---------------  S Y S T E M  ---------------

OS: Windows NT 6.1 Build 7600 

CPU:total 4 (8 cores per cpu, 2 threads per core) family 6 model 5 stepping 2, cmov, cx8, fxsr, mmx, sse, sse2, sse3, ssse3, ht

Memory: 4k page, physical 3985964k(1817296k free), swap 4194303k(4194303k free)

vm_info: Java HotSpot(TM) Client VM (11.2-b01) for windows-x86 JRE (1.6.0_12-b04), built on Jan 17 2009 09:57:14 by "java_re" with MS VC++ 7.1

time: Thu May 08 22:34:39 2014
elapsed time: 1548 seconds

