#
# An unexpected error has been detected by Java Runtime Environment:
#
#  Internal Error (0xe06d7363), pid=3308, tid=3980
#
# Java VM: Java HotSpot(TM) Client VM (11.2-b01 mixed mode windows-x86)
# Problematic frame:
# C  [KERNELBASE.dll+0xc41f]
#
# If you would like to submit a bug report, please visit:
#   http://java.sun.com/webapps/bugreport/crash.jsp
# The crash happened outside the Java Virtual Machine in native code.
# See problematic frame for where to report the bug.
#

---------------  T H R E A D  ---------------

Current thread (0x05484400):  JavaThread "main" [_thread_in_native, id=3980, stack(0x00430000,0x00c30000)]

siginfo: ExceptionCode=0xe06d7363, ExceptionInformation=0x19930520 0x00c24dd0 0x7a126ec8 

Registers:
EAX=0x00c24d34, EBX=0x00010004, ECX=0x00000003, EDX=0x00000000
ESP=0x00c24d34, EBP=0x00c24d84, ESI=0x00c24e00, EDI=0x00c2628c
EIP=0x75e4c41f, EFLAGS=0x00000212

Top of Stack: (sp=0x00c24d34)
0x00c24d34:   e06d7363 00000001 00000000 75e4c41f
0x00c24d44:   00000003 19930520 00c24dd0 7a126ec8
0x00c24d54:   79f9144c 00c252bc 00c252bc 79f92c70
0x00c24d64:   00c25358 00000002 00000002 00000001
0x00c24d74:   79f93cda 00c25358 79f937e5 79f96b4e
0x00c24d84:   00c24dbc 70ee8e89 e06d7363 00000001
0x00c24d94:   00000003 00c24db0 e06d7363 00000001
0x00c24da4:   00000000 00000000 00000003 19930520 

Instructions: (pc=0x75e4c41f)
0x75e4c40f:   0c eb 03 89 45 c0 8d 45 b0 50 ff 15 5c 11 e4 75
0x75e4c41f:   c9 c2 10 00 cc cc cc cc cc 8b ff 55 8b ec 56 8b 


Stack: [0x00430000,0x00c30000],  sp=0x00c24d34,  free space=8147k
Native frames: (J=compiled Java code, j=interpreted, Vv=VM code, C=native code)
C  [KERNELBASE.dll+0xc41f]
C  [MSVCR80.dll+0x28e89]
C  [mcr.dll+0xbc96]
C  [mcr.dll+0xbe3a]
C  [libut.dll+0x4a5f1]
C  [libut.dll+0x50dd5]
C  [libut.dll+0x50e34]
C  [libut.dll+0x50e70]
C  [libut.dll+0x50f61]
C  [libuij.dll+0x26032]
C  [jmi.dll+0x322aa]
j  com.mathworks.jmi.NativeMatlab.processPendingEvents()Z+8
j  com.mathworks.jmi.Matlab$ProcessPendingEvents.callBooleanMethod(Ljava/lang/Object;)Z+0
j  com.mathworks.util.FactoryUtils.processPendingEvents()Z+12
j  com.mathworks.mde.desk.MLDesktop.canClose()Z+84
j  com.mathworks.mde.desk.MLDesktop$2.call()Ljava/lang/Boolean;+4
j  com.mathworks.mde.desk.MLDesktop$2.call()Ljava/lang/Object;+1
j  com.mathworks.jmi.Matlab.isOkToExit()Z+54
v  ~StubRoutines::call_stub

Java frames: (J=compiled Java code, j=interpreted, Vv=VM code)
j  com.mathworks.jmi.NativeMatlab.ProcessPendingEvents()Z+0
j  com.mathworks.jmi.NativeMatlab.processPendingEvents()Z+8
j  com.mathworks.jmi.Matlab$ProcessPendingEvents.callBooleanMethod(Ljava/lang/Object;)Z+0
j  com.mathworks.util.FactoryUtils.processPendingEvents()Z+12
j  com.mathworks.mde.desk.MLDesktop.canClose()Z+84
j  com.mathworks.mde.desk.MLDesktop$2.call()Ljava/lang/Boolean;+4
j  com.mathworks.mde.desk.MLDesktop$2.call()Ljava/lang/Object;+1
j  com.mathworks.jmi.Matlab.isOkToExit()Z+54
v  ~StubRoutines::call_stub
j  com.mathworks.jmi.NativeMatlab.SendMatlabMessage(Ljava/lang/Object;)Ljava/lang/Object;+0
j  com.mathworks.jmi.NativeMatlab.sendMatlabMessage(Ljava/lang/Object;)Ljava/lang/Object;+22
j  com.mathworks.jmi.MatlabLooper.sendMatlabMessage(Lcom/mathworks/services/message/MWMessage;)Ljava/lang/Object;+20
j  com.mathworks.jmi.Matlab.mtFevalConsoleOutput(Ljava/lang/String;[Ljava/lang/Object;I)Ljava/lang/Object;+58
j  com.mathworks.mde.desk.MLDesktop$9.run()V+14
j  com.mathworks.jmi.NativeMatlab.dispatchMTRequests(Z)V+50
v  ~StubRoutines::call_stub

---------------  P R O C E S S  ---------------

Java Threads: ( => current thread )
  0x198ab400 JavaThread "Thread-101" [_thread_blocked, id=3776, stack(0x1b5c0000,0x1b640000)]
  0x198a9800 JavaThread "Thread-29" [_thread_blocked, id=4892, stack(0x217a0000,0x21820000)]
  0x198a9000 JavaThread "Active Reference Queue Daemon" daemon [_thread_blocked, id=4860, stack(0x216e0000,0x21760000)]
  0x198a8000 JavaThread "Timer-16" daemon [_thread_blocked, id=3624, stack(0x213c0000,0x21440000)]
  0x198a8c00 JavaThread "FelixPackageAdmin" daemon [_thread_blocked, id=4716, stack(0x21620000,0x216a0000)]
  0x198a8400 JavaThread "FelixStartLevel" daemon [_thread_blocked, id=2400, stack(0x21560000,0x215e0000)]
  0x198a5800 JavaThread "FelixDispatchQueue" daemon [_thread_blocked, id=1420, stack(0x21480000,0x21500000)]
  0x198a7000 JavaThread "Timer-7" daemon [_thread_blocked, id=612, stack(0x1b8a0000,0x1b920000)]
  0x198a5c00 JavaThread "Prefs Updater" daemon [_thread_blocked, id=1984, stack(0x1b260000,0x1b2e0000)]
  0x198a5000 JavaThread "Timer-1" [_thread_blocked, id=3568, stack(0x164c0000,0x16540000)]
  0x197f2800 JavaThread "TimerQueue" daemon [_thread_blocked, id=4936, stack(0x1a8e0000,0x1a960000)]
  0x196d4400 JavaThread "AWT-EventQueue-0" [_thread_blocked, id=1476, stack(0x1a820000,0x1a8a0000)]
  0x19668400 JavaThread "AWT-Windows" daemon [_thread_in_native, id=1076, stack(0x19f50000,0x19fd0000)]
  0x19668000 JavaThread "AWT-Shutdown" [_thread_blocked, id=4348, stack(0x19e90000,0x19f10000)]
  0x19667800 JavaThread "Java2D Disposer" daemon [_thread_blocked, id=4812, stack(0x19dd0000,0x19e50000)]
  0x18ea9400 JavaThread "Timer-0" [_thread_blocked, id=4928, stack(0x19030000,0x190b0000)]
  0x18e49400 JavaThread "JMI Unnamed Thread" [_thread_in_native, id=1448, stack(0x04a60000,0x05260000)]
  0x05539c00 JavaThread "Low Memory Detector" daemon [_thread_blocked, id=1376, stack(0x18530000,0x185b0000)]
  0x05525800 JavaThread "CompilerThread0" daemon [_thread_blocked, id=4532, stack(0x17cf0000,0x184f0000)]
  0x0551b000 JavaThread "Attach Listener" daemon [_thread_blocked, id=3232, stack(0x17c30000,0x17cb0000)]
  0x05504800 JavaThread "Finalizer" daemon [_thread_blocked, id=1560, stack(0x17b70000,0x17bf0000)]
  0x05503400 JavaThread "Reference Handler" daemon [_thread_blocked, id=2168, stack(0x17af0000,0x17b70000)]
=>0x05484400 JavaThread "main" [_thread_in_native, id=3980, stack(0x00430000,0x00c30000)]

Other Threads:
  0x054fe000 VMThread [stack: 0x172f0000,0x17af0000] [id=1512]
  0x05542400 WatcherThread [stack: 0x185f0000,0x18df0000] [id=4612]

VM state:not at safepoint (normal execution)

VM Mutex/Monitor currently owned by a thread: None

Heap
 def new generation   total 21248K, used 12815K [0x09e60000, 0x0b560000, 0x0be60000)
  eden space 18944K,  63% used [0x09e60000, 0x0aa24e40, 0x0b0e0000)
  from space 2304K,  33% used [0x0b320000, 0x0b3def80, 0x0b560000)
  to   space 2304K,   0% used [0x0b0e0000, 0x0b0e0000, 0x0b320000)
 tenured generation   total 70400K, used 46594K [0x0be60000, 0x10320000, 0x11e60000)
   the space 70400K,  66% used [0x0be60000, 0x0ebe0aa8, 0x0ebe0c00, 0x10320000)
 compacting perm gen  total 35072K, used 35067K [0x11e60000, 0x140a0000, 0x15e60000)
   the space 35072K,  99% used [0x11e60000, 0x1409eec8, 0x1409f000, 0x140a0000)
No shared spaces configured.

Dynamic libraries:
0x00400000 - 0x00425000 	D:\Program Files (x86)\MATLAB\R2010a\bin\win32\matlab.exe
0x776f0000 - 0x77870000 	C:\Windows\SysWOW64\ntdll.dll
0x76820000 - 0x76930000 	C:\Windows\syswow64\kernel32.dll
0x75e40000 - 0x75e87000 	C:\Windows\syswow64\KERNELBASE.dll
0x7b940000 - 0x7b9ec000 	D:\Program Files (x86)\MATLAB\R2010a\bin\win32\libut.dll
0x74fe0000 - 0x7500a000 	C:\Windows\syswow64\imagehlp.dll
0x76d80000 - 0x76e2c000 	C:\Windows\syswow64\msvcrt.dll
0x74e50000 - 0x74ef0000 	C:\Windows\syswow64\ADVAPI32.dll
0x74e30000 - 0x74e49000 	C:\Windows\SysWOW64\sechost.dll
0x74ef0000 - 0x74fe0000 	C:\Windows\syswow64\RPCRT4.dll
0x74dd0000 - 0x74e30000 	C:\Windows\syswow64\SspiCli.dll
0x74dc0000 - 0x74dcc000 	C:\Windows\syswow64\CRYPTBASE.dll
0x75d10000 - 0x75d15000 	C:\Windows\syswow64\PSAPI.DLL
0x7bfa0000 - 0x7bfbf000 	D:\Program Files (x86)\MATLAB\R2010a\bin\win32\LIBEXPAT.dll
0x70ec0000 - 0x70f5b000 	C:\Windows\WinSxS\x86_microsoft.vc80.crt_1fc8b3b9a1e18e3b_8.0.50727.4927_none_d08a205e442db5b5\MSVCR80.dll
0x7bd50000 - 0x7be38000 	D:\Program Files (x86)\MATLAB\R2010a\bin\win32\icuuc40.dll
0x7b4b0000 - 0x7b4b4000 	D:\Program Files (x86)\MATLAB\R2010a\bin\win32\icudt40.dll
0x7b4c0000 - 0x7b4cc000 	D:\Program Files (x86)\MATLAB\R2010a\bin\win32\icuio40.dll
0x7b670000 - 0x7b768000 	D:\Program Files (x86)\MATLAB\R2010a\bin\win32\icuin40.dll
0x73510000 - 0x73597000 	C:\Windows\WinSxS\x86_microsoft.vc80.crt_1fc8b3b9a1e18e3b_8.0.50727.4927_none_d08a205e442db5b5\MSVCP80.dll
0x76560000 - 0x76660000 	C:\Windows\syswow64\USER32.dll
0x76930000 - 0x769c0000 	C:\Windows\syswow64\GDI32.dll
0x76780000 - 0x7678a000 	C:\Windows\syswow64\LPK.dll
0x75e90000 - 0x75f2d000 	C:\Windows\syswow64\USP10.dll
0x78770000 - 0x787ee000 	D:\Program Files (x86)\MATLAB\R2010a\bin\win32\libmwfl.dll
0x7d160000 - 0x7d16e000 	D:\Program Files (x86)\MATLAB\R2010a\bin\win32\boost_date_time-vc80-mt-1_36.dll
0x7d330000 - 0x7d346000 	D:\Program Files (x86)\MATLAB\R2010a\bin\win32\boost_filesystem-vc80-mt-1_36.dll
0x7c500000 - 0x7c507000 	D:\Program Files (x86)\MATLAB\R2010a\bin\win32\boost_system-vc80-mt-1_36.dll
0x7d050000 - 0x7d060000 	D:\Program Files (x86)\MATLAB\R2010a\bin\win32\boost_signals-vc80-mt-1_36.dll
0x7b4a0000 - 0x7b4ac000 	D:\Program Files (x86)\MATLAB\R2010a\bin\win32\boost_thread-vc80-mt-1_36.dll
0x7ba50000 - 0x7bc63000 	D:\Program Files (x86)\MATLAB\R2010a\bin\win32\libmwservices.dll
0x7b9f0000 - 0x7ba4d000 	D:\Program Files (x86)\MATLAB\R2010a\bin\win32\libmx.dll
0x78c90000 - 0x78ca3000 	D:\Program Files (x86)\MATLAB\R2010a\bin\win32\zlib1.dll
0x7bc70000 - 0x7bd47000 	D:\Program Files (x86)\MATLAB\R2010a\bin\win32\libmwmathutil.dll
0x79e30000 - 0x79e6a000 	D:\Program Files (x86)\MATLAB\R2010a\bin\win32\mpath.dll
0x7c0a0000 - 0x7c166000 	D:\Program Files (x86)\MATLAB\R2010a\bin\win32\mlutil.dll
0x7cfb0000 - 0x7d00e000 	D:\Program Files (x86)\MATLAB\R2010a\bin\win32\xmlcore.dll
0x79720000 - 0x798e2000 	D:\Program Files (x86)\MATLAB\R2010a\bin\win32\xerces-c_2_7.dll
0x76050000 - 0x76085000 	C:\Windows\syswow64\WS2_32.dll
0x776c0000 - 0x776c6000 	C:\Windows\syswow64\NSI.dll
0x750c0000 - 0x75d09000 	C:\Windows\syswow64\SHELL32.dll
0x76d20000 - 0x76d77000 	C:\Windows\syswow64\SHLWAPI.dll
0x78720000 - 0x7874e000 	D:\Program Files (x86)\MATLAB\R2010a\bin\win32\tbb.dll
0x72520000 - 0x725a4000 	C:\Windows\WinSxS\x86_microsoft.windows.common-controls_6595b64144ccf1df_5.82.7600.16661_none_ebfb56996c72aefc\COMCTL32.dll
0x76340000 - 0x763bb000 	C:\Windows\syswow64\comdlg32.dll
0x73c20000 - 0x73c31000 	C:\Windows\system32\NETAPI32.dll
0x73c10000 - 0x73c19000 	C:\Windows\system32\netutils.dll
0x73bf0000 - 0x73c09000 	C:\Windows\system32\srvcli.dll
0x74200000 - 0x7420f000 	C:\Windows\system32\wkscli.dll
0x7a0e0000 - 0x7a144000 	D:\Program Files (x86)\MATLAB\R2010a\bin\win32\mcr.dll
0x7e890000 - 0x7e8a9000 	D:\Program Files (x86)\MATLAB\R2010a\bin\win32\libmwi18n.dll
0x7b4d0000 - 0x7b539000 	D:\Program Files (x86)\MATLAB\R2010a\bin\win32\iqm.dll
0x7a6c0000 - 0x7ab7b000 	D:\Program Files (x86)\MATLAB\R2010a\bin\win32\m_interpreter.dll
0x7b550000 - 0x7b561000 	D:\Program Files (x86)\MATLAB\R2010a\bin\win32\libmex.dll
0x79fb0000 - 0x7a017000 	D:\Program Files (x86)\MATLAB\R2010a\bin\win32\m_dispatcher.dll
0x7d280000 - 0x7d31d000 	D:\Program Files (x86)\MATLAB\R2010a\bin\win32\boost_regex-vc80-mt-1_36.dll
0x79ec0000 - 0x79f1b000 	D:\Program Files (x86)\MATLAB\R2010a\bin\win32\profiler.dll
0x7b5d0000 - 0x7b5f2000 	D:\Program Files (x86)\MATLAB\R2010a\bin\win32\libmwmathrng.dll
0x78c00000 - 0x78c12000 	D:\Program Files (x86)\MATLAB\R2010a\bin\win32\m_pcodeio.dll
0x79df0000 - 0x79e27000 	D:\Program Files (x86)\MATLAB\R2010a\bin\win32\m_ir.dll
0x7a1d0000 - 0x7a6bd000 	D:\Program Files (x86)\MATLAB\R2010a\bin\win32\m_parser.dll
0x7b540000 - 0x7b54e000 	D:\Program Files (x86)\MATLAB\R2010a\bin\win32\ir_xfmr.dll
0x787f0000 - 0x7894e000 	D:\Program Files (x86)\MATLAB\R2010a\bin\win32\mcos.dll
0x7b610000 - 0x7b61a000 	D:\Program Files (x86)\MATLAB\R2010a\bin\win32\mtok.dll
0x78be0000 - 0x78bfa000 	D:\Program Files (x86)\MATLAB\R2010a\bin\win32\m_pcodegen.dll
0x7e810000 - 0x7e844000 	D:\Program Files (x86)\MATLAB\R2010a\bin\win32\libmwspmatrix.dll
0x7e850000 - 0x7e871000 	D:\Program Files (x86)\MATLAB\R2010a\bin\win32\libmwbridge.dll
0x7b180000 - 0x7b209000 	D:\Program Files (x86)\MATLAB\R2010a\bin\win32\udd.dll
0x7be40000 - 0x7bf3f000 	D:\Program Files (x86)\MATLAB\R2010a\bin\win32\libmwgui.dll
0x78cf0000 - 0x7914f000 	D:\Program Files (x86)\MATLAB\R2010a\bin\win32\hg.dll
0x78b60000 - 0x78b92000 	D:\Program Files (x86)\MATLAB\R2010a\bin\win32\libmat.dll
0x7b770000 - 0x7b939000 	D:\Program Files (x86)\MATLAB\R2010a\bin\win32\libhdf5.dll
0x79d40000 - 0x79d96000 	D:\Program Files (x86)\MATLAB\R2010a\bin\win32\jmi.dll
0x79a40000 - 0x79a70000 	D:\Program Files (x86)\MATLAB\R2010a\bin\win32\libmwhardcopy.dll
0x79da0000 - 0x79de3000 	D:\Program Files (x86)\MATLAB\R2010a\bin\win32\libuij.dll
0x78630000 - 0x7871f000 	D:\Program Files (x86)\MATLAB\R2010a\bin\win32\hgdatatypes.dll
0x785c0000 - 0x78628000 	D:\Program Files (x86)\MATLAB\R2010a\bin\win32\hgutils.dll
0x78ba0000 - 0x78bd4000 	D:\Program Files (x86)\MATLAB\R2010a\bin\win32\libmwlapack.dll
0x7b580000 - 0x7b58e000 	D:\Program Files (x86)\MATLAB\R2010a\bin\win32\libmwbinder.dll
0x7b210000 - 0x7b492000 	D:\Program Files (x86)\MATLAB\R2010a\bin\win32\uiw.dll
0x7b660000 - 0x7b669000 	D:\Program Files (x86)\MATLAB\R2010a\bin\win32\uinone.dll
0x73280000 - 0x73390000 	C:\Windows\WinSxS\x86_microsoft.vc80.mfc_1fc8b3b9a1e18e3b_8.0.50727.4053_none_cbf21254470d8752\MFC80.DLL
0x72450000 - 0x724a1000 	C:\Windows\system32\WINSPOOL.DRV
0x761b0000 - 0x7630c000 	C:\Windows\syswow64\ole32.dll
0x75f30000 - 0x75fbf000 	C:\Windows\syswow64\OLEAUT32.dll
0x7a150000 - 0x7a1cc000 	D:\Program Files (x86)\MATLAB\R2010a\bin\win32\udd_mi.dll
0x78c20000 - 0x78c37000 	D:\Program Files (x86)\MATLAB\R2010a\bin\win32\mwoles05.DLL
0x79e70000 - 0x79eb9000 	D:\Program Files (x86)\MATLAB\R2010a\bin\win32\comcli.dll
0x73040000 - 0x7305b000 	C:\Windows\WinSxS\x86_microsoft.vc80.atl_1fc8b3b9a1e18e3b_8.0.50727.4053_none_d1c738ec43578ea1\ATL80.DLL
0x7b600000 - 0x7b60b000 	D:\Program Files (x86)\MATLAB\R2010a\bin\win32\mlautoregister.dll
0x769f0000 - 0x76a50000 	C:\Windows\system32\IMM32.DLL
0x76a50000 - 0x76b1c000 	C:\Windows\syswow64\MSCTF.dll
0x720a0000 - 0x72120000 	C:\Windows\system32\uxtheme.dll
0x72020000 - 0x7202b000 	C:\Windows\system32\profapi.dll
0x73bb0000 - 0x73bcc000 	C:\Windows\system32\iphlpapi.dll
0x73ba0000 - 0x73ba7000 	C:\Windows\system32\WINNSI.DLL
0x73b00000 - 0x73b44000 	C:\Windows\system32\DNSAPI.dll
0x71400000 - 0x71412000 	C:\Windows\system32\dhcpcsvc.DLL
0x73270000 - 0x7327d000 	C:\Windows\system32\dhcpcsvc6.DLL
0x73610000 - 0x73613000 	C:\Windows\system32\icmp.Dll
0x76cf0000 - 0x76d17000 	C:\Windows\syswow64\CFGMGR32.dll
0x79ae0000 - 0x79d36000 	D:\Program Files (x86)\MATLAB\R2010a\sys\java\jre\win32\jre\bin\client\jvm.dll
0x723f0000 - 0x72422000 	C:\Windows\system32\WINMM.dll
0x7bfc0000 - 0x7c016000 	D:\Program Files (x86)\MATLAB\R2010a\bin\win32\MSVCR71.dll
0x725b0000 - 0x725fb000 	C:\Windows\system32\apphelp.dll
0x74260000 - 0x7434b000 	C:\Windows\syswow64\dbghelp.dll
0x72000000 - 0x72013000 	C:\Windows\system32\dwmapi.dll
0x79f70000 - 0x79f78000 	D:\Program Files (x86)\MATLAB\R2010a\sys\java\jre\win32\jre\bin\hpi.dll
0x79f90000 - 0x79f9c000 	D:\Program Files (x86)\MATLAB\R2010a\sys\java\jre\win32\jre\bin\verify.dll
0x78cb0000 - 0x78ccf000 	D:\Program Files (x86)\MATLAB\R2010a\sys\java\jre\win32\jre\bin\java.dll
0x79fa0000 - 0x79faf000 	D:\Program Files (x86)\MATLAB\R2010a\sys\java\jre\win32\jre\bin\zip.dll
0x76790000 - 0x76813000 	C:\Windows\syswow64\CLBCatQ.DLL
0x78c40000 - 0x78c5e000 	D:\Program Files (x86)\MATLAB\R2010a\bin\win32\nativejava.dll
0x71fe0000 - 0x71ff2000 	C:\Windows\system32\MPR.dll
0x78c60000 - 0x78c85000 	D:\Program Files (x86)\MATLAB\R2010a\bin\win32\nativejmi.dll
0x7b650000 - 0x7b65a000 	D:\Program Files (x86)\MATLAB\R2010a\bin\win32\nativeservices.dll
0x798f0000 - 0x79a3a000 	D:\Program Files (x86)\MATLAB\R2010a\sys\java\jre\win32\jre\bin\awt.dll
0x7a020000 - 0x7a074000 	D:\Program Files (x86)\MATLAB\R2010a\sys\java\jre\win32\jre\bin\fontmanager.dll
0x78cd0000 - 0x78ce3000 	D:\Program Files (x86)\MATLAB\R2010a\sys\java\jre\win32\jre\bin\net.dll
0x73b50000 - 0x73b8c000 	C:\Windows\system32\mswsock.dll
0x72250000 - 0x72256000 	C:\Windows\System32\wship6.dll
0x79f80000 - 0x79f89000 	D:\Program Files (x86)\MATLAB\R2010a\sys\java\jre\win32\jre\bin\nio.dll
0x78300000 - 0x7830c000 	D:\Program Files (x86)\MATLAB\R2010a\bin\win32\nativelmgr.dll
0x7c420000 - 0x7c444000 	D:\Program Files (x86)\MATLAB\R2010a\sys\java\jre\win32\jre\bin\jpeg.dll
0x78310000 - 0x784a4000 	D:\Program Files (x86)\MATLAB\R2010a\bin\win32\instutil.dll
0x73b90000 - 0x73ba0000 	C:\Windows\system32\NLAapi.dll
0x73ac0000 - 0x73ac8000 	C:\Windows\System32\winrnr.dll
0x73ab0000 - 0x73ac0000 	C:\Windows\system32\napinsp.dll

VM Arguments:
jvm_args: -Xss512k -XX:PermSize=32m -Xms64m -XX:NewRatio=3 -XX:MaxPermSize=64m -Xmx128m -XX:MaxDirectMemorySize=1200000000 -Dsun.java2d.noddraw=true -Dsun.awt.nopixfmt=true -Xshare:off -Xrs -Djava.library.path=D:\Program Files (x86)\MATLAB\R2010a\bin\win32 vfprintf abort 
java_command: <unknown>
Launcher Type: generic

Environment Variables:
PATH=C:\WinAVR-20100110\bin;C:\WinAVR-20100110\utils\bin;D:\Programas\watcom-1.3\binnt;D:\Programas\watcom-1.3\binw;C:\Windows\system32;C:\Windows;C:\Windows\System32\Wbem;C:\Windows\System32\WindowsPowerShell\v1.0\;C:\Program Files\Dell\Dell Wireless WLAN Card;C:\PROGRA~2\PICC;D:\Program Files (x86)\MiKTeX 2.9\miktex\bin\;D:\Program Files (x86)\MATLAB\R2010a\runtime\win32;D:\Program Files (x86)\MATLAB\R2010a\bin
USERNAME=andres
OS=Windows_NT
PROCESSOR_IDENTIFIER=Intel64 Family 6 Model 37 Stepping 2, GenuineIntel



---------------  S Y S T E M  ---------------

OS: Windows NT 6.1 Build 7600 

CPU:total 4 (8 cores per cpu, 2 threads per core) family 6 model 5 stepping 2, cmov, cx8, fxsr, mmx, sse, sse2, sse3, ssse3, ht

Memory: 4k page, physical 3985964k(2224160k free), swap 4194303k(4194303k free)

vm_info: Java HotSpot(TM) Client VM (11.2-b01) for windows-x86 JRE (1.6.0_12-b04), built on Jan 17 2009 09:57:14 by "java_re" with MS VC++ 7.1

time: Thu May 08 23:34:28 2014
elapsed time: 929 seconds

