#
# An unexpected error has been detected by Java Runtime Environment:
#
#  EXCEPTION_ACCESS_VIOLATION (0xc0000005) at pc=0x7be93906, pid=736, tid=604
#
# Java VM: Java HotSpot(TM) Client VM (11.2-b01 mixed mode windows-x86)
# Problematic frame:
# C  [libmwgui.dll+0x53906]
#
# If you would like to submit a bug report, please visit:
#   http://java.sun.com/webapps/bugreport/crash.jsp
# The crash happened outside the Java Virtual Machine in native code.
# See problematic frame for where to report the bug.
#

---------------  T H R E A D  ---------------

Current thread (0x07b84400):  JavaThread "main" [_thread_in_native, id=604, stack(0x00430000,0x00c30000)]

siginfo: ExceptionCode=0xc0000005, reading address 0x00000000

Registers:
EAX=0x00000000, EBX=0x7b188dc0, ECX=0x07774b38, EDX=0x00000002
ESP=0x00c0f67c, EBP=0x00c0f67c, ESI=0x00000000, EDI=0x00000000
EIP=0x7be93906, EFLAGS=0x00010246

Top of Stack: (sp=0x00c0f67c)
0x00c0f67c:   00c0f690 78ed67b1 00000000 00000000
0x00c0f68c:   7b188db0 00c0f6bc 78e9d73a 00000000
0x00c0f69c:   7b188dd0 7b188db0 07874fd0 00000000
0x00c0f6ac:   00000000 00c0f704 78fb2669 ffffffff
0x00c0f6bc:   00c0f6ec 78eac5f8 00000000 220c8ad8
0x00c0f6cc:   051788d0 00000001 00f90b28 00000000
0x00c0f6dc:   220c8ad8 1e0822b8 2148de10 1e0822b8
0x00c0f6ec:   00c0f710 7ba51fca 00fa03a0 00000000 

Instructions: (pc=0x7be93906)
0x7be938f6:   8b 4d 08 89 01 5d c3 cc cc cc 55 8b ec 8b 45 08
0x7be93906:   8b 00 5d c3 cc cc cc cc cc cc 55 8b ec 8b 45 0c 


Stack: [0x00430000,0x00c30000],  sp=0x00c0f67c,  free space=8061k
Native frames: (J=compiled Java code, j=interpreted, Vv=VM code, C=native code)
C  [libmwgui.dll+0x53906]
C  [hg.dll+0x1e67b1]
C  [hg.dll+0x1ad73a]
C  [hg.dll+0x1bc5f8]
C  [libmwservices.dll+0x1fca]
C  [libmwservices.dll+0x23a6]
C  [mcr.dll+0x37e84]
C  [mcr.dll+0x381be]
C  [m_dispatcher.dll+0x8e2c]
C  [m_dispatcher.dll+0x9167]
C  [m_dispatcher.dll+0x617e]
C  [m_dispatcher.dll+0x8e2c]
C  [m_dispatcher.dll+0x9167]
C  [m_interpreter.dll+0x230a4]
C  [m_interpreter.dll+0x296d8]
C  [m_interpreter.dll+0xc7af4]
C  [nativejmi.dll+0x6d7a]
C  [nativejmi.dll+0x7d78]
C  [nativejmi.dll+0x7b4a]
C  [nativejmi.dll+0xc8ed]
C  [nativejmi.dll+0xc9b3]
j  com.mathworks.jmi.NativeMatlab.SendMatlabMessage(Ljava/lang/Object;)Ljava/lang/Object;+0
j  com.mathworks.jmi.NativeMatlab.sendMatlabMessage(Ljava/lang/Object;)Ljava/lang/Object;+22
j  com.mathworks.jmi.MatlabLooper.sendMatlabMessage(Lcom/mathworks/services/message/MWMessage;)Ljava/lang/Object;+20
j  com.mathworks.jmi.Matlab.mtFevalConsoleOutput(Ljava/lang/String;[Ljava/lang/Object;I)Ljava/lang/Object;+58
j  com.mathworks.mde.desk.MLDesktop$9.run()V+14
j  com.mathworks.jmi.NativeMatlab.dispatchMTRequests(Z)V+50
v  ~StubRoutines::call_stub

Java frames: (J=compiled Java code, j=interpreted, Vv=VM code)
j  com.mathworks.jmi.NativeMatlab.SendMatlabMessage(Ljava/lang/Object;)Ljava/lang/Object;+0
j  com.mathworks.jmi.NativeMatlab.sendMatlabMessage(Ljava/lang/Object;)Ljava/lang/Object;+22
j  com.mathworks.jmi.MatlabLooper.sendMatlabMessage(Lcom/mathworks/services/message/MWMessage;)Ljava/lang/Object;+20
j  com.mathworks.jmi.Matlab.mtFevalConsoleOutput(Ljava/lang/String;[Ljava/lang/Object;I)Ljava/lang/Object;+58
j  com.mathworks.mde.desk.MLDesktop$9.run()V+14
j  com.mathworks.jmi.NativeMatlab.dispatchMTRequests(Z)V+50
v  ~StubRoutines::call_stub

---------------  P R O C E S S  ---------------

Java Threads: ( => current thread )
  0x199fd000 JavaThread "Thread-17" [_thread_blocked, id=4136, stack(0x1bda0000,0x1be20000)]
  0x199fc800 JavaThread "Active Reference Queue Daemon" daemon [_thread_blocked, id=4924, stack(0x1bce0000,0x1bd60000)]
  0x199fac00 JavaThread "Timer-8" daemon [_thread_blocked, id=3444, stack(0x1b9e0000,0x1ba60000)]
  0x199fc400 JavaThread "FelixPackageAdmin" daemon [_thread_blocked, id=1292, stack(0x1bc20000,0x1bca0000)]
  0x199fbc00 JavaThread "FelixStartLevel" daemon [_thread_blocked, id=3972, stack(0x1bb60000,0x1bbe0000)]
  0x199fb800 JavaThread "FelixDispatchQueue" daemon [_thread_blocked, id=4708, stack(0x1baa0000,0x1bb20000)]
  0x199fb400 JavaThread "Timer-7" daemon [_thread_blocked, id=4384, stack(0x1b920000,0x1b9a0000)]
  0x199fa000 JavaThread "Prefs Updater" daemon [_thread_blocked, id=2312, stack(0x1b860000,0x1b8e0000)]
  0x199f9400 JavaThread "Timer-1" [_thread_blocked, id=3252, stack(0x1aaa0000,0x1ab20000)]
  0x19858000 JavaThread "TimerQueue" daemon [_thread_blocked, id=3956, stack(0x1a990000,0x1aa10000)]
  0x196f1c00 JavaThread "AWT-EventQueue-0" [_thread_blocked, id=4876, stack(0x1a8d0000,0x1a950000)]
  0x19633c00 JavaThread "AWT-Windows" daemon [_thread_in_native, id=1456, stack(0x19f70000,0x19ff0000)]
  0x19633800 JavaThread "AWT-Shutdown" [_thread_blocked, id=1920, stack(0x19eb0000,0x19f30000)]
  0x19640000 JavaThread "Java2D Disposer" daemon [_thread_blocked, id=4760, stack(0x19df0000,0x19e70000)]
  0x18ec0800 JavaThread "Timer-0" [_thread_blocked, id=5040, stack(0x19050000,0x190d0000)]
  0x18e62400 JavaThread "JMI Unnamed Thread" [_thread_in_native, id=4548, stack(0x04770000,0x04f70000)]
  0x07c30400 JavaThread "Low Memory Detector" daemon [_thread_blocked, id=4108, stack(0x18550000,0x185d0000)]
  0x07c2bc00 JavaThread "CompilerThread0" daemon [_thread_blocked, id=3632, stack(0x17d10000,0x18510000)]
  0x07c21000 JavaThread "Attach Listener" daemon [_thread_blocked, id=4188, stack(0x17c50000,0x17cd0000)]
  0x07c04800 JavaThread "Finalizer" daemon [_thread_blocked, id=4884, stack(0x17b90000,0x17c10000)]
  0x07c03400 JavaThread "Reference Handler" daemon [_thread_blocked, id=4720, stack(0x15fd0000,0x16050000)]
=>0x07b84400 JavaThread "main" [_thread_in_native, id=604, stack(0x00430000,0x00c30000)]

Other Threads:
  0x07bfe000 VMThread [stack: 0x17350000,0x17b50000] [id=3012]
  0x07c39400 WatcherThread [stack: 0x18610000,0x18e10000] [id=2612]

VM state:not at safepoint (normal execution)

VM Mutex/Monitor currently owned by a thread: None

Heap
 def new generation   total 14784K, used 8284K [0x09dd0000, 0x0add0000, 0x0bdd0000)
  eden space 13184K,  58% used [0x09dd0000, 0x0a5617d8, 0x0aab0000)
  from space 1600K,  33% used [0x0ac40000, 0x0acc5c00, 0x0add0000)
  to   space 1600K,   0% used [0x0aab0000, 0x0aab0000, 0x0ac40000)
 tenured generation   total 49152K, used 48209K [0x0bdd0000, 0x0edd0000, 0x11dd0000)
   the space 49152K,  98% used [0x0bdd0000, 0x0ece4670, 0x0ece4800, 0x0edd0000)
 compacting perm gen  total 34560K, used 34419K [0x11dd0000, 0x13f90000, 0x15dd0000)
   the space 34560K,  99% used [0x11dd0000, 0x13f6cde8, 0x13f6ce00, 0x13f90000)
No shared spaces configured.

Dynamic libraries:
0x00400000 - 0x00425000 	D:\Program Files (x86)\MATLAB\R2010a\bin\win32\matlab.exe
0x779f0000 - 0x77b70000 	C:\Windows\SysWOW64\ntdll.dll
0x76cf0000 - 0x76e00000 	C:\Windows\syswow64\kernel32.dll
0x769a0000 - 0x769e7000 	C:\Windows\syswow64\KERNELBASE.dll
0x7b940000 - 0x7b9ec000 	D:\Program Files (x86)\MATLAB\R2010a\bin\win32\libut.dll
0x76610000 - 0x7663a000 	C:\Windows\syswow64\imagehlp.dll
0x76560000 - 0x7660c000 	C:\Windows\syswow64\msvcrt.dll
0x75680000 - 0x75720000 	C:\Windows\syswow64\ADVAPI32.dll
0x75260000 - 0x75279000 	C:\Windows\SysWOW64\sechost.dll
0x76400000 - 0x764f0000 	C:\Windows\syswow64\RPCRT4.dll
0x750d0000 - 0x75130000 	C:\Windows\syswow64\SspiCli.dll
0x750c0000 - 0x750cc000 	C:\Windows\syswow64\CRYPTBASE.dll
0x76f70000 - 0x76f75000 	C:\Windows\syswow64\PSAPI.DLL
0x7bfa0000 - 0x7bfbf000 	D:\Program Files (x86)\MATLAB\R2010a\bin\win32\LIBEXPAT.dll
0x73ce0000 - 0x73d7b000 	C:\Windows\WinSxS\x86_microsoft.vc80.crt_1fc8b3b9a1e18e3b_8.0.50727.4927_none_d08a205e442db5b5\MSVCR80.dll
0x7bd50000 - 0x7be38000 	D:\Program Files (x86)\MATLAB\R2010a\bin\win32\icuuc40.dll
0x7b4b0000 - 0x7b4b4000 	D:\Program Files (x86)\MATLAB\R2010a\bin\win32\icudt40.dll
0x7b4c0000 - 0x7b4cc000 	D:\Program Files (x86)\MATLAB\R2010a\bin\win32\icuio40.dll
0x7b670000 - 0x7b768000 	D:\Program Files (x86)\MATLAB\R2010a\bin\win32\icuin40.dll
0x74020000 - 0x740a7000 	C:\Windows\WinSxS\x86_microsoft.vc80.crt_1fc8b3b9a1e18e3b_8.0.50727.4927_none_d08a205e442db5b5\MSVCP80.dll
0x75580000 - 0x75680000 	C:\Windows\syswow64\USER32.dll
0x770a0000 - 0x77130000 	C:\Windows\syswow64\GDI32.dll
0x779c0000 - 0x779ca000 	C:\Windows\syswow64\LPK.dll
0x75280000 - 0x7531d000 	C:\Windows\syswow64\USP10.dll
0x78770000 - 0x787ee000 	D:\Program Files (x86)\MATLAB\R2010a\bin\win32\libmwfl.dll
0x7d160000 - 0x7d16e000 	D:\Program Files (x86)\MATLAB\R2010a\bin\win32\boost_date_time-vc80-mt-1_36.dll
0x7d330000 - 0x7d346000 	D:\Program Files (x86)\MATLAB\R2010a\bin\win32\boost_filesystem-vc80-mt-1_36.dll
0x7c500000 - 0x7c507000 	D:\Program Files (x86)\MATLAB\R2010a\bin\win32\boost_system-vc80-mt-1_36.dll
0x7d050000 - 0x7d060000 	D:\Program Files (x86)\MATLAB\R2010a\bin\win32\boost_signals-vc80-mt-1_36.dll
0x7b4a0000 - 0x7b4ac000 	D:\Program Files (x86)\MATLAB\R2010a\bin\win32\boost_thread-vc80-mt-1_36.dll
0x7ba50000 - 0x7bc63000 	D:\Program Files (x86)\MATLAB\R2010a\bin\win32\libmwservices.dll
0x7b9f0000 - 0x7ba4d000 	D:\Program Files (x86)\MATLAB\R2010a\bin\win32\libmx.dll
0x78c90000 - 0x78ca3000 	D:\Program Files (x86)\MATLAB\R2010a\bin\win32\zlib1.dll
0x7bc70000 - 0x7bd47000 	D:\Program Files (x86)\MATLAB\R2010a\bin\win32\libmwmathutil.dll
0x79e30000 - 0x79e6a000 	D:\Program Files (x86)\MATLAB\R2010a\bin\win32\mpath.dll
0x7c0a0000 - 0x7c166000 	D:\Program Files (x86)\MATLAB\R2010a\bin\win32\mlutil.dll
0x7cfb0000 - 0x7d00e000 	D:\Program Files (x86)\MATLAB\R2010a\bin\win32\xmlcore.dll
0x79720000 - 0x798e2000 	D:\Program Files (x86)\MATLAB\R2010a\bin\win32\xerces-c_2_7.dll
0x76f30000 - 0x76f65000 	C:\Windows\syswow64\WS2_32.dll
0x764f0000 - 0x764f6000 	C:\Windows\syswow64\NSI.dll
0x757b0000 - 0x763f9000 	C:\Windows\syswow64\SHELL32.dll
0x75720000 - 0x75777000 	C:\Windows\syswow64\SHLWAPI.dll
0x78720000 - 0x7874e000 	D:\Program Files (x86)\MATLAB\R2010a\bin\win32\tbb.dll
0x70cc0000 - 0x70d44000 	C:\Windows\WinSxS\x86_microsoft.windows.common-controls_6595b64144ccf1df_5.82.7600.16661_none_ebfb56996c72aefc\COMCTL32.dll
0x76eb0000 - 0x76f2b000 	C:\Windows\syswow64\comdlg32.dll
0x72b90000 - 0x72ba1000 	C:\Windows\system32\NETAPI32.dll
0x72b80000 - 0x72b89000 	C:\Windows\system32\netutils.dll
0x72b60000 - 0x72b79000 	C:\Windows\system32\srvcli.dll
0x74500000 - 0x7450f000 	C:\Windows\system32\wkscli.dll
0x7a0e0000 - 0x7a144000 	D:\Program Files (x86)\MATLAB\R2010a\bin\win32\mcr.dll
0x7e890000 - 0x7e8a9000 	D:\Program Files (x86)\MATLAB\R2010a\bin\win32\libmwi18n.dll
0x7b4d0000 - 0x7b539000 	D:\Program Files (x86)\MATLAB\R2010a\bin\win32\iqm.dll
0x7a6c0000 - 0x7ab7b000 	D:\Program Files (x86)\MATLAB\R2010a\bin\win32\m_interpreter.dll
0x7b550000 - 0x7b561000 	D:\Program Files (x86)\MATLAB\R2010a\bin\win32\libmex.dll
0x79fb0000 - 0x7a017000 	D:\Program Files (x86)\MATLAB\R2010a\bin\win32\m_dispatcher.dll
0x7d280000 - 0x7d31d000 	D:\Program Files (x86)\MATLAB\R2010a\bin\win32\boost_regex-vc80-mt-1_36.dll
0x79ec0000 - 0x79f1b000 	D:\Program Files (x86)\MATLAB\R2010a\bin\win32\profiler.dll
0x7b5d0000 - 0x7b5f2000 	D:\Program Files (x86)\MATLAB\R2010a\bin\win32\libmwmathrng.dll
0x78c00000 - 0x78c12000 	D:\Program Files (x86)\MATLAB\R2010a\bin\win32\m_pcodeio.dll
0x79df0000 - 0x79e27000 	D:\Program Files (x86)\MATLAB\R2010a\bin\win32\m_ir.dll
0x7a1d0000 - 0x7a6bd000 	D:\Program Files (x86)\MATLAB\R2010a\bin\win32\m_parser.dll
0x7b540000 - 0x7b54e000 	D:\Program Files (x86)\MATLAB\R2010a\bin\win32\ir_xfmr.dll
0x787f0000 - 0x7894e000 	D:\Program Files (x86)\MATLAB\R2010a\bin\win32\mcos.dll
0x7b610000 - 0x7b61a000 	D:\Program Files (x86)\MATLAB\R2010a\bin\win32\mtok.dll
0x78be0000 - 0x78bfa000 	D:\Program Files (x86)\MATLAB\R2010a\bin\win32\m_pcodegen.dll
0x7e810000 - 0x7e844000 	D:\Program Files (x86)\MATLAB\R2010a\bin\win32\libmwspmatrix.dll
0x7e850000 - 0x7e871000 	D:\Program Files (x86)\MATLAB\R2010a\bin\win32\libmwbridge.dll
0x7b180000 - 0x7b209000 	D:\Program Files (x86)\MATLAB\R2010a\bin\win32\udd.dll
0x7be40000 - 0x7bf3f000 	D:\Program Files (x86)\MATLAB\R2010a\bin\win32\libmwgui.dll
0x78cf0000 - 0x7914f000 	D:\Program Files (x86)\MATLAB\R2010a\bin\win32\hg.dll
0x78b60000 - 0x78b92000 	D:\Program Files (x86)\MATLAB\R2010a\bin\win32\libmat.dll
0x7b770000 - 0x7b939000 	D:\Program Files (x86)\MATLAB\R2010a\bin\win32\libhdf5.dll
0x79d40000 - 0x79d96000 	D:\Program Files (x86)\MATLAB\R2010a\bin\win32\jmi.dll
0x79a40000 - 0x79a70000 	D:\Program Files (x86)\MATLAB\R2010a\bin\win32\libmwhardcopy.dll
0x79da0000 - 0x79de3000 	D:\Program Files (x86)\MATLAB\R2010a\bin\win32\libuij.dll
0x78630000 - 0x7871f000 	D:\Program Files (x86)\MATLAB\R2010a\bin\win32\hgdatatypes.dll
0x785c0000 - 0x78628000 	D:\Program Files (x86)\MATLAB\R2010a\bin\win32\hgutils.dll
0x78ba0000 - 0x78bd4000 	D:\Program Files (x86)\MATLAB\R2010a\bin\win32\libmwlapack.dll
0x7b580000 - 0x7b58e000 	D:\Program Files (x86)\MATLAB\R2010a\bin\win32\libmwbinder.dll
0x7b210000 - 0x7b492000 	D:\Program Files (x86)\MATLAB\R2010a\bin\win32\uiw.dll
0x7b660000 - 0x7b669000 	D:\Program Files (x86)\MATLAB\R2010a\bin\win32\uinone.dll
0x73bd0000 - 0x73ce0000 	C:\Windows\WinSxS\x86_microsoft.vc80.mfc_1fc8b3b9a1e18e3b_8.0.50727.4053_none_cbf21254470d8752\MFC80.DLL
0x72010000 - 0x72061000 	C:\Windows\system32\WINSPOOL.DRV
0x76b90000 - 0x76cec000 	C:\Windows\syswow64\ole32.dll
0x76e00000 - 0x76e8f000 	C:\Windows\syswow64\OLEAUT32.dll
0x7a150000 - 0x7a1cc000 	D:\Program Files (x86)\MATLAB\R2010a\bin\win32\udd_mi.dll
0x78c20000 - 0x78c37000 	D:\Program Files (x86)\MATLAB\R2010a\bin\win32\mwoles05.DLL
0x79e70000 - 0x79eb9000 	D:\Program Files (x86)\MATLAB\R2010a\bin\win32\comcli.dll
0x74130000 - 0x7414b000 	C:\Windows\WinSxS\x86_microsoft.vc80.atl_1fc8b3b9a1e18e3b_8.0.50727.4053_none_d1c738ec43578ea1\ATL80.DLL
0x7b600000 - 0x7b60b000 	D:\Program Files (x86)\MATLAB\R2010a\bin\win32\mlautoregister.dll
0x75130000 - 0x75190000 	C:\Windows\system32\IMM32.DLL
0x75190000 - 0x7525c000 	C:\Windows\syswow64\MSCTF.dll
0x721c0000 - 0x72240000 	C:\Windows\system32\uxtheme.dll
0x720f0000 - 0x720fb000 	C:\Windows\system32\profapi.dll
0x72b20000 - 0x72b3c000 	C:\Windows\system32\iphlpapi.dll
0x72b10000 - 0x72b17000 	C:\Windows\system32\WINNSI.DLL
0x72a70000 - 0x72ab4000 	C:\Windows\system32\DNSAPI.dll
0x71440000 - 0x71452000 	C:\Windows\system32\dhcpcsvc.DLL
0x74120000 - 0x7412d000 	C:\Windows\system32\dhcpcsvc6.DLL
0x74010000 - 0x74013000 	C:\Windows\system32\icmp.Dll
0x75780000 - 0x757a7000 	C:\Windows\syswow64\CFGMGR32.dll
0x79ae0000 - 0x79d36000 	D:\Program Files (x86)\MATLAB\R2010a\sys\java\jre\win32\jre\bin\client\jvm.dll
0x72920000 - 0x72952000 	C:\Windows\system32\WINMM.dll
0x7bfc0000 - 0x7c016000 	D:\Program Files (x86)\MATLAB\R2010a\bin\win32\MSVCR71.dll
0x728d0000 - 0x7291b000 	C:\Windows\system32\apphelp.dll
0x74560000 - 0x7464b000 	C:\Windows\syswow64\dbghelp.dll
0x71ff0000 - 0x72003000 	C:\Windows\system32\dwmapi.dll
0x79f70000 - 0x79f78000 	D:\Program Files (x86)\MATLAB\R2010a\sys\java\jre\win32\jre\bin\hpi.dll
0x79f90000 - 0x79f9c000 	D:\Program Files (x86)\MATLAB\R2010a\sys\java\jre\win32\jre\bin\verify.dll
0x78cb0000 - 0x78ccf000 	D:\Program Files (x86)\MATLAB\R2010a\sys\java\jre\win32\jre\bin\java.dll
0x79fa0000 - 0x79faf000 	D:\Program Files (x86)\MATLAB\R2010a\sys\java\jre\win32\jre\bin\zip.dll
0x754e0000 - 0x75563000 	C:\Windows\syswow64\CLBCatQ.DLL
0x78c40000 - 0x78c5e000 	D:\Program Files (x86)\MATLAB\R2010a\bin\win32\nativejava.dll
0x72080000 - 0x72092000 	C:\Windows\system32\MPR.dll
0x78c60000 - 0x78c85000 	D:\Program Files (x86)\MATLAB\R2010a\bin\win32\nativejmi.dll
0x7b650000 - 0x7b65a000 	D:\Program Files (x86)\MATLAB\R2010a\bin\win32\nativeservices.dll
0x798f0000 - 0x79a3a000 	D:\Program Files (x86)\MATLAB\R2010a\sys\java\jre\win32\jre\bin\awt.dll
0x7a020000 - 0x7a074000 	D:\Program Files (x86)\MATLAB\R2010a\sys\java\jre\win32\jre\bin\fontmanager.dll
0x78cd0000 - 0x78ce3000 	D:\Program Files (x86)\MATLAB\R2010a\sys\java\jre\win32\jre\bin\net.dll
0x72ac0000 - 0x72afc000 	C:\Windows\system32\mswsock.dll
0x726c0000 - 0x726c6000 	C:\Windows\System32\wship6.dll
0x79f80000 - 0x79f89000 	D:\Program Files (x86)\MATLAB\R2010a\sys\java\jre\win32\jre\bin\nio.dll
0x78300000 - 0x7830c000 	D:\Program Files (x86)\MATLAB\R2010a\bin\win32\nativelmgr.dll
0x7c420000 - 0x7c444000 	D:\Program Files (x86)\MATLAB\R2010a\sys\java\jre\win32\jre\bin\jpeg.dll
0x78310000 - 0x784a4000 	D:\Program Files (x86)\MATLAB\R2010a\bin\win32\instutil.dll
0x72b00000 - 0x72b10000 	C:\Windows\system32\NLAapi.dll
0x729f0000 - 0x729f8000 	C:\Windows\System32\winrnr.dll
0x729e0000 - 0x729f0000 	C:\Windows\system32\napinsp.dll

VM Arguments:
jvm_args: -Xss512k -XX:PermSize=32m -Xms64m -XX:NewRatio=3 -XX:MaxPermSize=64m -Xmx128m -XX:MaxDirectMemorySize=1200000000 -Dsun.java2d.noddraw=true -Dsun.awt.nopixfmt=true -Xshare:off -Xrs -Djava.library.path=D:\Program Files (x86)\MATLAB\R2010a\bin\win32 vfprintf abort 
java_command: <unknown>
Launcher Type: generic

Environment Variables:
PATH=C:\WinAVR-20100110\bin;C:\WinAVR-20100110\utils\bin;D:\Programas\watcom-1.3\binnt;D:\Programas\watcom-1.3\binw;C:\Windows\system32;C:\Windows;C:\Windows\System32\Wbem;C:\Windows\System32\WindowsPowerShell\v1.0\;C:\Program Files\Dell\Dell Wireless WLAN Card;C:\PROGRA~2\PICC;D:\Program Files (x86)\MiKTeX 2.9\miktex\bin\;D:\Program Files (x86)\MATLAB\R2010a\runtime\win32;D:\Program Files (x86)\MATLAB\R2010a\bin
USERNAME=andres
OS=Windows_NT
PROCESSOR_IDENTIFIER=Intel64 Family 6 Model 37 Stepping 2, GenuineIntel



---------------  S Y S T E M  ---------------

OS: Windows NT 6.1 Build 7600 

CPU:total 4 (8 cores per cpu, 2 threads per core) family 6 model 5 stepping 2, cmov, cx8, fxsr, mmx, sse, sse2, sse3, ssse3, ht

Memory: 4k page, physical 3985964k(2577928k free), swap 4194303k(4194303k free)

vm_info: Java HotSpot(TM) Client VM (11.2-b01) for windows-x86 JRE (1.6.0_12-b04), built on Jan 17 2009 09:57:14 by "java_re" with MS VC++ 7.1

time: Fri May 09 00:31:23 2014
elapsed time: 137 seconds

