#
# An unexpected error has been detected by Java Runtime Environment:
#
#  EXCEPTION_ACCESS_VIOLATION (0xc0000005) at pc=0x79fbcfc2, pid=6020, tid=6456
#
# Java VM: Java HotSpot(TM) Client VM (11.2-b01 mixed mode windows-x86)
# Problematic frame:
# C  [m_dispatcher.dll+0xcfc2]
#
# If you would like to submit a bug report, please visit:
#   http://java.sun.com/webapps/bugreport/crash.jsp
# The crash happened outside the Java Virtual Machine in native code.
# See problematic frame for where to report the bug.
#

---------------  T H R E A D  ---------------

Current thread (0x0a6d4400):  JavaThread "main" [_thread_in_native, id=6456, stack(0x00430000,0x00c30000)]

siginfo: ExceptionCode=0xc0000005, reading address 0x00000071

Registers:
EAX=0x00c2b338, EBX=0x00000001, ECX=0x00000001, EDX=0x00000000
ESP=0x00c2adbc, EBP=0x00c2add0, ESI=0x08eecb58, EDI=0x00000000
EIP=0x79fbcfc2, EFLAGS=0x00010202

Top of Stack: (sp=0x00c2adbc)
0x00c2adbc:   7a6e2fd9 00000001 00000000 00000001
0x00c2adcc:   ffffffff 00c2ae24 7a6e3083 00c2af18
0x00c2addc:   00000001 20076d54 00c2ae10 00000000
0x00c2adec:   20076d08 00000000 00c2aeb4 00138ced
0x00c2adfc:   79d4e085 0a6d4514 00000000 0a6d4514
0x00c2ae0c:   78c685d4 00000000 00c2ade8 00c2ae9c
0x00c2ae1c:   7a7bb52e ffffffff 00c2aea8 7a6e96d8
0x00c2ae2c:   00000000 20076d74 00000001 20076d54 

Instructions: (pc=0x79fbcfc2)
0x79fbcfb2:   d0 06 00 00 85 c0 74 1c 8d 9b 00 00 00 00 8b 08
0x79fbcfc2:   80 79 70 00 74 07 85 c0 74 0a 8b c1 c3 8b 40 04 


Stack: [0x00430000,0x00c30000],  sp=0x00c2adbc,  free space=8171k
Native frames: (J=compiled Java code, j=interpreted, Vv=VM code, C=native code)
C  [m_dispatcher.dll+0xcfc2]
C  [m_interpreter.dll+0x23083]
C  [m_interpreter.dll+0x296d8]
C  [m_interpreter.dll+0xc7af4]
C  [nativejmi.dll+0x6d7a]
C  [nativejmi.dll+0x7d78]
C  [nativejmi.dll+0x7b4a]
C  [nativejmi.dll+0xc8ed]
C  [nativejmi.dll+0xc9b3]
j  com.mathworks.jmi.NativeMatlab.SendMatlabMessage(Ljava/lang/Object;)Ljava/lang/Object;+0
j  com.mathworks.jmi.NativeMatlab.sendMatlabMessage(Ljava/lang/Object;)Ljava/lang/Object;+22
j  com.mathworks.jmi.MatlabLooper.sendMatlabMessage(Lcom/mathworks/services/message/MWMessage;)Ljava/lang/Object;+20
j  com.mathworks.jmi.Matlab.mtFevalConsoleOutput(Ljava/lang/String;[Ljava/lang/Object;I)Ljava/lang/Object;+58
j  com.mathworks.mde.desk.MLDesktop$9.run()V+14
j  com.mathworks.jmi.NativeMatlab.dispatchMTRequests(Z)V+50
v  ~StubRoutines::call_stub

Java frames: (J=compiled Java code, j=interpreted, Vv=VM code)
j  com.mathworks.jmi.NativeMatlab.SendMatlabMessage(Ljava/lang/Object;)Ljava/lang/Object;+0
j  com.mathworks.jmi.NativeMatlab.sendMatlabMessage(Ljava/lang/Object;)Ljava/lang/Object;+22
j  com.mathworks.jmi.MatlabLooper.sendMatlabMessage(Lcom/mathworks/services/message/MWMessage;)Ljava/lang/Object;+20
j  com.mathworks.jmi.Matlab.mtFevalConsoleOutput(Ljava/lang/String;[Ljava/lang/Object;I)Ljava/lang/Object;+58
j  com.mathworks.mde.desk.MLDesktop$9.run()V+14
j  com.mathworks.jmi.NativeMatlab.dispatchMTRequests(Z)V+50
v  ~StubRoutines::call_stub

---------------  P R O C E S S  ---------------

Java Threads: ( => current thread )
  0x1b1e1400 JavaThread "Thread-19" [_thread_blocked, id=6552, stack(0x1f360000,0x1f3e0000)]
  0x1b1e1000 JavaThread "Thread-18" [_thread_blocked, id=3776, stack(0x1f2a0000,0x1f320000)]
  0x1b1e0800 JavaThread "Thread-17" [_thread_blocked, id=6376, stack(0x1f1e0000,0x1f260000)]
  0x1b1e0400 JavaThread "Thread-16" [_thread_blocked, id=1624, stack(0x1f120000,0x1f1a0000)]
  0x1b0dd800 JavaThread "Thread-14" [_thread_blocked, id=6844, stack(0x1d850000,0x1d8d0000)]
  0x1b0dd400 JavaThread "Active Reference Queue Daemon" daemon [_thread_blocked, id=4104, stack(0x1d790000,0x1d810000)]
  0x1b0dbc00 JavaThread "Timer-5" daemon [_thread_blocked, id=6132, stack(0x1d490000,0x1d510000)]
  0x1b0dd000 JavaThread "FelixPackageAdmin" daemon [_thread_blocked, id=5600, stack(0x1d6d0000,0x1d750000)]
  0x1b0dc800 JavaThread "FelixStartLevel" daemon [_thread_blocked, id=1632, stack(0x1d610000,0x1d690000)]
  0x1b0dc400 JavaThread "FelixDispatchQueue" daemon [_thread_blocked, id=6788, stack(0x1d550000,0x1d5d0000)]
  0x1b0db800 JavaThread "Timer-4" daemon [_thread_blocked, id=7140, stack(0x1d310000,0x1d390000)]
  0x1b1db000 JavaThread "Prefs Updater" daemon [_thread_blocked, id=6728, stack(0x1d190000,0x1d210000)]
  0x1b0d9800 JavaThread "Timer-1" [_thread_blocked, id=6736, stack(0x1bef0000,0x1bf70000)]
  0x1ad71800 JavaThread "TimerQueue" daemon [_thread_blocked, id=6820, stack(0x1be10000,0x1be90000)]
  0x1aac3c00 JavaThread "AWT-EventQueue-0" [_thread_blocked, id=7160, stack(0x1bd50000,0x1bdd0000)]
  0x1ae58c00 JavaThread "AWT-Shutdown" [_thread_blocked, id=6888, stack(0x1b520000,0x1b5a0000)]
  0x1ad11c00 JavaThread "AWT-Windows" daemon [_thread_in_native, id=6284, stack(0x1b5e0000,0x1b660000)]
  0x1aca2c00 JavaThread "Java2D Disposer" daemon [_thread_blocked, id=4684, stack(0x1b460000,0x1b4e0000)]
  0x1a4aa400 JavaThread "Timer-0" [_thread_blocked, id=3188, stack(0x1a6b0000,0x1a730000)]
  0x1a492800 JavaThread "JMI Unnamed Thread" [_thread_in_native, id=6580, stack(0x06290000,0x06a90000)]
  0x0a77b000 JavaThread "Low Memory Detector" daemon [_thread_blocked, id=5552, stack(0x19ba0000,0x19c20000)]
  0x0a776400 JavaThread "CompilerThread0" daemon [_thread_blocked, id=4752, stack(0x19360000,0x19b60000)]
  0x0a76b800 JavaThread "Attach Listener" daemon [_thread_blocked, id=6644, stack(0x192a0000,0x19320000)]
  0x0a757c00 JavaThread "Finalizer" daemon [_thread_blocked, id=6472, stack(0x191e0000,0x19260000)]
  0x0a753400 JavaThread "Reference Handler" daemon [_thread_blocked, id=5116, stack(0x19120000,0x191a0000)]
=>0x0a6d4400 JavaThread "main" [_thread_in_native, id=6456, stack(0x00430000,0x00c30000)]

Other Threads:
  0x0a74e000 VMThread [stack: 0x188e0000,0x190e0000] [id=6796]
  0x0a785000 WatcherThread [stack: 0x19c60000,0x1a460000] [id=4480]

VM state:not at safepoint (normal execution)

VM Mutex/Monitor currently owned by a thread: None

Heap
 def new generation   total 14784K, used 8954K [0x0c830000, 0x0d830000, 0x0e830000)
  eden space 13184K,  63% used [0x0c830000, 0x0d0583b8, 0x0d510000)
  from space 1600K,  37% used [0x0d6a0000, 0x0d736660, 0x0d830000)
  to   space 1600K,   0% used [0x0d510000, 0x0d510000, 0x0d6a0000)
 tenured generation   total 49152K, used 45871K [0x0e830000, 0x11830000, 0x14830000)
   the space 49152K,  93% used [0x0e830000, 0x114fbe40, 0x114fc000, 0x11830000)
 compacting perm gen  total 34304K, used 34188K [0x14830000, 0x169b0000, 0x18830000)
   the space 34304K,  99% used [0x14830000, 0x169930d8, 0x16993200, 0x169b0000)
No shared spaces configured.

Dynamic libraries:
0x00400000 - 0x00425000 	D:\Program Files (x86)\MATLAB\R2010a\bin\win32\MATLAB.exe
0x771a0000 - 0x77320000 	C:\Windows\SysWOW64\ntdll.dll
0x750d0000 - 0x751e0000 	C:\Windows\syswow64\kernel32.dll
0x752e0000 - 0x75327000 	C:\Windows\syswow64\KERNELBASE.dll
0x7b940000 - 0x7b9ec000 	D:\Program Files (x86)\MATLAB\R2010a\bin\win32\libut.dll
0x755d0000 - 0x755fb000 	C:\Windows\syswow64\imagehlp.dll
0x76b90000 - 0x76c3c000 	C:\Windows\syswow64\msvcrt.dll
0x75b90000 - 0x75c30000 	C:\Windows\syswow64\ADVAPI32.dll
0x768e0000 - 0x768f9000 	C:\Windows\SysWOW64\sechost.dll
0x75330000 - 0x75420000 	C:\Windows\syswow64\RPCRT4.dll
0x74ba0000 - 0x74c00000 	C:\Windows\syswow64\SspiCli.dll
0x74b90000 - 0x74b9c000 	C:\Windows\syswow64\CRYPTBASE.dll
0x75600000 - 0x75605000 	C:\Windows\syswow64\PSAPI.DLL
0x7bfa0000 - 0x7bfbf000 	D:\Program Files (x86)\MATLAB\R2010a\bin\win32\LIBEXPAT.dll
0x00130000 - 0x001cb000 	C:\Windows\WinSxS\x86_microsoft.vc80.crt_1fc8b3b9a1e18e3b_8.0.50727.6195_none_d09154e044272b9a\MSVCR80.dll
0x7bd50000 - 0x7be38000 	D:\Program Files (x86)\MATLAB\R2010a\bin\win32\icuuc40.dll
0x7b4b0000 - 0x7b4b4000 	D:\Program Files (x86)\MATLAB\R2010a\bin\win32\icudt40.dll
0x7b4c0000 - 0x7b4cc000 	D:\Program Files (x86)\MATLAB\R2010a\bin\win32\icuio40.dll
0x7b670000 - 0x7b768000 	D:\Program Files (x86)\MATLAB\R2010a\bin\win32\icuin40.dll
0x002d0000 - 0x00357000 	C:\Windows\WinSxS\x86_microsoft.vc80.crt_1fc8b3b9a1e18e3b_8.0.50727.6195_none_d09154e044272b9a\MSVCP80.dll
0x75a30000 - 0x75b30000 	C:\Windows\syswow64\USER32.dll
0x754b0000 - 0x75540000 	C:\Windows\syswow64\GDI32.dll
0x768a0000 - 0x768aa000 	C:\Windows\syswow64\LPK.dll
0x75990000 - 0x75a2d000 	C:\Windows\syswow64\USP10.dll
0x78770000 - 0x787ee000 	D:\Program Files (x86)\MATLAB\R2010a\bin\win32\libmwfl.dll
0x7d160000 - 0x7d16e000 	D:\Program Files (x86)\MATLAB\R2010a\bin\win32\boost_date_time-vc80-mt-1_36.dll
0x7d330000 - 0x7d346000 	D:\Program Files (x86)\MATLAB\R2010a\bin\win32\boost_filesystem-vc80-mt-1_36.dll
0x7c500000 - 0x7c507000 	D:\Program Files (x86)\MATLAB\R2010a\bin\win32\boost_system-vc80-mt-1_36.dll
0x7d050000 - 0x7d060000 	D:\Program Files (x86)\MATLAB\R2010a\bin\win32\boost_signals-vc80-mt-1_36.dll
0x7b4a0000 - 0x7b4ac000 	D:\Program Files (x86)\MATLAB\R2010a\bin\win32\boost_thread-vc80-mt-1_36.dll
0x7ba50000 - 0x7bc63000 	D:\Program Files (x86)\MATLAB\R2010a\bin\win32\libmwservices.dll
0x7b9f0000 - 0x7ba4d000 	D:\Program Files (x86)\MATLAB\R2010a\bin\win32\libmx.dll
0x78c90000 - 0x78ca3000 	D:\Program Files (x86)\MATLAB\R2010a\bin\win32\zlib1.dll
0x7bc70000 - 0x7bd47000 	D:\Program Files (x86)\MATLAB\R2010a\bin\win32\libmwmathutil.dll
0x79e30000 - 0x79e6a000 	D:\Program Files (x86)\MATLAB\R2010a\bin\win32\mpath.dll
0x7c0a0000 - 0x7c166000 	D:\Program Files (x86)\MATLAB\R2010a\bin\win32\mlutil.dll
0x7cfb0000 - 0x7d00e000 	D:\Program Files (x86)\MATLAB\R2010a\bin\win32\xmlcore.dll
0x79720000 - 0x798e2000 	D:\Program Files (x86)\MATLAB\R2010a\bin\win32\xerces-c_2_7.dll
0x75670000 - 0x756a5000 	C:\Windows\syswow64\WS2_32.dll
0x752d0000 - 0x752d6000 	C:\Windows\syswow64\NSI.dll
0x75c50000 - 0x7689a000 	C:\Windows\syswow64\SHELL32.dll
0x76900000 - 0x76957000 	C:\Windows\syswow64\SHLWAPI.dll
0x78720000 - 0x7874e000 	D:\Program Files (x86)\MATLAB\R2010a\bin\win32\tbb.dll
0x73d80000 - 0x73e04000 	C:\Windows\WinSxS\x86_microsoft.windows.common-controls_6595b64144ccf1df_5.82.7601.18201_none_ec80f00e8593ece5\COMCTL32.dll
0x757e0000 - 0x7585b000 	C:\Windows\syswow64\comdlg32.dll
0x71fd0000 - 0x71fe1000 	C:\Windows\system32\NETAPI32.dll
0x71fc0000 - 0x71fc9000 	C:\Windows\system32\netutils.dll
0x71fa0000 - 0x71fb9000 	C:\Windows\system32\srvcli.dll
0x71f90000 - 0x71f9f000 	C:\Windows\system32\wkscli.dll
0x7a0e0000 - 0x7a144000 	D:\Program Files (x86)\MATLAB\R2010a\bin\win32\mcr.dll
0x7e890000 - 0x7e8a9000 	D:\Program Files (x86)\MATLAB\R2010a\bin\win32\libmwi18n.dll
0x7b4d0000 - 0x7b539000 	D:\Program Files (x86)\MATLAB\R2010a\bin\win32\iqm.dll
0x7a6c0000 - 0x7ab7b000 	D:\Program Files (x86)\MATLAB\R2010a\bin\win32\m_interpreter.dll
0x7b550000 - 0x7b561000 	D:\Program Files (x86)\MATLAB\R2010a\bin\win32\libmex.dll
0x79fb0000 - 0x7a017000 	D:\Program Files (x86)\MATLAB\R2010a\bin\win32\m_dispatcher.dll
0x7d280000 - 0x7d31d000 	D:\Program Files (x86)\MATLAB\R2010a\bin\win32\boost_regex-vc80-mt-1_36.dll
0x79ec0000 - 0x79f1b000 	D:\Program Files (x86)\MATLAB\R2010a\bin\win32\profiler.dll
0x7b5d0000 - 0x7b5f2000 	D:\Program Files (x86)\MATLAB\R2010a\bin\win32\libmwmathrng.dll
0x78c00000 - 0x78c12000 	D:\Program Files (x86)\MATLAB\R2010a\bin\win32\m_pcodeio.dll
0x79df0000 - 0x79e27000 	D:\Program Files (x86)\MATLAB\R2010a\bin\win32\m_ir.dll
0x7a1d0000 - 0x7a6bd000 	D:\Program Files (x86)\MATLAB\R2010a\bin\win32\m_parser.dll
0x7b540000 - 0x7b54e000 	D:\Program Files (x86)\MATLAB\R2010a\bin\win32\ir_xfmr.dll
0x787f0000 - 0x7894e000 	D:\Program Files (x86)\MATLAB\R2010a\bin\win32\mcos.dll
0x7b610000 - 0x7b61a000 	D:\Program Files (x86)\MATLAB\R2010a\bin\win32\mtok.dll
0x78be0000 - 0x78bfa000 	D:\Program Files (x86)\MATLAB\R2010a\bin\win32\m_pcodegen.dll
0x7e810000 - 0x7e844000 	D:\Program Files (x86)\MATLAB\R2010a\bin\win32\libmwspmatrix.dll
0x7e850000 - 0x7e871000 	D:\Program Files (x86)\MATLAB\R2010a\bin\win32\libmwbridge.dll
0x7b180000 - 0x7b209000 	D:\Program Files (x86)\MATLAB\R2010a\bin\win32\udd.dll
0x7be40000 - 0x7bf3f000 	D:\Program Files (x86)\MATLAB\R2010a\bin\win32\libmwgui.dll
0x78cf0000 - 0x7914f000 	D:\Program Files (x86)\MATLAB\R2010a\bin\win32\hg.dll
0x78b60000 - 0x78b92000 	D:\Program Files (x86)\MATLAB\R2010a\bin\win32\libmat.dll
0x7b770000 - 0x7b939000 	D:\Program Files (x86)\MATLAB\R2010a\bin\win32\libhdf5.dll
0x79d40000 - 0x79d96000 	D:\Program Files (x86)\MATLAB\R2010a\bin\win32\jmi.dll
0x79a40000 - 0x79a70000 	D:\Program Files (x86)\MATLAB\R2010a\bin\win32\libmwhardcopy.dll
0x79da0000 - 0x79de3000 	D:\Program Files (x86)\MATLAB\R2010a\bin\win32\libuij.dll
0x78630000 - 0x7871f000 	D:\Program Files (x86)\MATLAB\R2010a\bin\win32\hgdatatypes.dll
0x785c0000 - 0x78628000 	D:\Program Files (x86)\MATLAB\R2010a\bin\win32\hgutils.dll
0x78ba0000 - 0x78bd4000 	D:\Program Files (x86)\MATLAB\R2010a\bin\win32\libmwlapack.dll
0x7b580000 - 0x7b58e000 	D:\Program Files (x86)\MATLAB\R2010a\bin\win32\libmwbinder.dll
0x7b210000 - 0x7b492000 	D:\Program Files (x86)\MATLAB\R2010a\bin\win32\uiw.dll
0x7b660000 - 0x7b669000 	D:\Program Files (x86)\MATLAB\R2010a\bin\win32\uinone.dll
0x00f20000 - 0x01030000 	C:\Windows\WinSxS\x86_microsoft.vc80.mfc_1fc8b3b9a1e18e3b_8.0.50727.4053_none_cbf21254470d8752\MFC80.DLL
0x74490000 - 0x744e1000 	C:\Windows\system32\WINSPOOL.DRV
0x74f70000 - 0x750cc000 	C:\Windows\syswow64\ole32.dll
0x75420000 - 0x754af000 	C:\Windows\syswow64\OLEAUT32.dll
0x7a150000 - 0x7a1cc000 	D:\Program Files (x86)\MATLAB\R2010a\bin\win32\udd_mi.dll
0x78c20000 - 0x78c37000 	D:\Program Files (x86)\MATLAB\R2010a\bin\win32\mwoles05.DLL
0x79e70000 - 0x79eb9000 	D:\Program Files (x86)\MATLAB\R2010a\bin\win32\comcli.dll
0x01060000 - 0x0107b000 	C:\Windows\WinSxS\x86_microsoft.vc80.atl_1fc8b3b9a1e18e3b_8.0.50727.4053_none_d1c738ec43578ea1\ATL80.DLL
0x7b600000 - 0x7b60b000 	D:\Program Files (x86)\MATLAB\R2010a\bin\win32\mlautoregister.dll
0x75610000 - 0x75670000 	C:\Windows\system32\IMM32.DLL
0x75200000 - 0x752cc000 	C:\Windows\syswow64\MSCTF.dll
0x75860000 - 0x7586b000 	C:\Windows\syswow64\profapi.dll
0x721d0000 - 0x72250000 	C:\Windows\system32\uxtheme.dll
0x71df0000 - 0x71f8e000 	C:\Windows\WinSxS\x86_microsoft.windows.common-controls_6595b64144ccf1df_6.0.7601.17514_none_41e6975e2bd6f2b2\comctl32.dll
0x74c00000 - 0x74d9d000 	C:\Windows\syswow64\SETUPAPI.dll
0x76d70000 - 0x76d97000 	C:\Windows\syswow64\CFGMGR32.dll
0x75c30000 - 0x75c42000 	C:\Windows\syswow64\DEVOBJ.dll
0x75540000 - 0x755c3000 	C:\Windows\syswow64\CLBCatQ.DLL
0x74140000 - 0x74235000 	C:\Windows\system32\propsys.dll
0x71b60000 - 0x71b81000 	C:\Windows\system32\ntmarta.dll
0x75760000 - 0x757a5000 	C:\Windows\syswow64\WLDAP32.dll
0x72000000 - 0x7201c000 	C:\Windows\system32\iphlpapi.dll
0x71ff0000 - 0x71ff7000 	C:\Windows\system32\WINNSI.DLL
0x74950000 - 0x74994000 	C:\Windows\system32\DNSAPI.dll
0x73e80000 - 0x73e92000 	C:\Windows\system32\dhcpcsvc.DLL
0x73e70000 - 0x73e7d000 	C:\Windows\system32\dhcpcsvc6.DLL
0x73f50000 - 0x73f53000 	C:\Windows\system32\icmp.Dll
0x79ae0000 - 0x79d36000 	D:\Program Files (x86)\MATLAB\R2010a\sys\java\jre\win32\jre\bin\client\jvm.dll
0x743b0000 - 0x743e2000 	C:\Windows\system32\WINMM.dll
0x7bfc0000 - 0x7c016000 	D:\Program Files (x86)\MATLAB\R2010a\bin\win32\MSVCR71.dll
0x72a20000 - 0x72a6c000 	C:\Windows\system32\apphelp.dll
0x71a70000 - 0x71b5b000 	C:\Windows\syswow64\dbghelp.dll
0x74370000 - 0x74383000 	C:\Windows\system32\dwmapi.dll
0x79f70000 - 0x79f78000 	D:\Program Files (x86)\MATLAB\R2010a\sys\java\jre\win32\jre\bin\hpi.dll
0x79f90000 - 0x79f9c000 	D:\Program Files (x86)\MATLAB\R2010a\sys\java\jre\win32\jre\bin\verify.dll
0x78cb0000 - 0x78ccf000 	D:\Program Files (x86)\MATLAB\R2010a\sys\java\jre\win32\jre\bin\java.dll
0x79fa0000 - 0x79faf000 	D:\Program Files (x86)\MATLAB\R2010a\sys\java\jre\win32\jre\bin\zip.dll
0x78c40000 - 0x78c5e000 	D:\Program Files (x86)\MATLAB\R2010a\bin\win32\nativejava.dll
0x74b40000 - 0x74b52000 	C:\Windows\system32\MPR.dll
0x78c60000 - 0x78c85000 	D:\Program Files (x86)\MATLAB\R2010a\bin\win32\nativejmi.dll
0x7b650000 - 0x7b65a000 	D:\Program Files (x86)\MATLAB\R2010a\bin\win32\nativeservices.dll
0x798f0000 - 0x79a3a000 	D:\Program Files (x86)\MATLAB\R2010a\sys\java\jre\win32\jre\bin\awt.dll
0x7a020000 - 0x7a074000 	D:\Program Files (x86)\MATLAB\R2010a\sys\java\jre\win32\jre\bin\fontmanager.dll
0x78cd0000 - 0x78ce3000 	D:\Program Files (x86)\MATLAB\R2010a\sys\java\jre\win32\jre\bin\net.dll
0x73ee0000 - 0x73f1c000 	C:\Windows\system32\mswsock.dll
0x74b60000 - 0x74b66000 	C:\Windows\System32\wship6.dll
0x79f80000 - 0x79f89000 	D:\Program Files (x86)\MATLAB\R2010a\sys\java\jre\win32\jre\bin\nio.dll

VM Arguments:
jvm_args: -Xss512k -XX:PermSize=32m -Xms64m -XX:NewRatio=3 -XX:MaxPermSize=64m -Xmx128m -XX:MaxDirectMemorySize=1200000000 -Dsun.java2d.noddraw=true -Dsun.awt.nopixfmt=true -Xshare:off -Xrs -Djava.library.path=D:\Program Files (x86)\MATLAB\R2010a\bin\win32 vfprintf abort 
java_command: <unknown>
Launcher Type: generic

Environment Variables:
PATH=D:\Program Files (x86)\MATLAB\R2010a\bin\win32;D:\watcom-1.3\binnt;D:\watcom-1.3\binw;C:\WinAVR-20100110\bin;C:\WinAVR-20100110\utils\bin;C:\Windows\system32;C:\Windows;C:\Windows\System32\Wbem;C:\Windows\System32\WindowsPowerShell\v1.0\;C:\Program Files\Dell\Dell Wireless WLAN Card;D:\Program Files (x86)\MATLAB\R2010a\runtime\win32;D:\Program Files (x86)\MATLAB\R2010a\bin;C:\Program Files (x86)\Microsoft SQL Server\100\Tools\Binn\;C:\Program Files\Microsoft SQL Server\100\Tools\Binn\;C:\Program Files\Microsoft SQL Server\100\DTS\Binn\;D:\Program Files (x86)\MiKTeX 2.9\miktex\bin\;C:\Program Files (x86)\Microsoft SQL Server\90\Tools\binn\
USERNAME=andres
OS=Windows_NT
PROCESSOR_IDENTIFIER=Intel64 Family 6 Model 37 Stepping 2, GenuineIntel



---------------  S Y S T E M  ---------------

OS: Windows NT 6.1 Build 7601 Service Pack 1

CPU:total 4 (8 cores per cpu, 2 threads per core) family 6 model 5 stepping 2, cmov, cx8, fxsr, mmx, sse, sse2, sse3, ssse3, ht

Memory: 4k page, physical 3985964k(1378124k free), swap 4194303k(4194303k free)

vm_info: Java HotSpot(TM) Client VM (11.2-b01) for windows-x86 JRE (1.6.0_12-b04), built on Jan 17 2009 09:57:14 by "java_re" with MS VC++ 7.1

time: Wed Jan 28 17:55:25 2015
elapsed time: 113 seconds

